<?xml version="1.0" encoding="UTF-8"?>
<testsuite xmlns:xsi="http://www.w3.org/2001/XMLSchema-instance" xsi:noNamespaceSchemaLocation="https://maven.apache.org/surefire/maven-surefire-plugin/xsd/surefire-test-report-3.0.xsd" version="3.0" name="examples.ExamplesTest" time="5.67" tests="1" errors="0" skipped="0" failures="0">
  <properties>
[...]
</properties>
  <testcase name="testParallel" classname="examples.ExamplesTest" time="5.641">
    <system-out><![CDATA[12:53:11.850 [main] DEBUG com.intuit.karate.Suite -- [config] classpath:karate-config.js
12:53:11.860 [main] DEBUG com.intuit.karate.Suite -- waiting for 4 features to complete
12:53:13.274 [pool-2-thread-1] INFO com.intuit.karate -- karate.env system property was: null 
12:53:13.274 [pool-2-thread-2] INFO com.intuit.karate -- karate.env system property was: null 
12:53:13.274 [pool-2-thread-4] INFO com.intuit.karate -- karate.env system property was: null 
12:53:13.274 [pool-2-thread-3] INFO com.intuit.karate -- karate.env system property was: null 
12:53:13.426 [pool-2-thread-2] DEBUG com.jayway.jsonpath.internal.path.CompiledPath -- Evaluating path: $
12:53:13.426 [pool-2-thread-4] DEBUG com.jayway.jsonpath.internal.path.CompiledPath -- Evaluating path: $
12:53:13.426 [pool-2-thread-1] DEBUG com.jayway.jsonpath.internal.path.CompiledPath -- Evaluating path: $
12:53:13.426 [pool-2-thread-3] DEBUG com.jayway.jsonpath.internal.path.CompiledPath -- Evaluating path: $
12:53:13.560 [pool-2-thread-1] DEBUG io.netty.util.internal.logging.InternalLoggerFactory -- Using SLF4J as the default logging framework
12:53:13.562 [pool-2-thread-1] DEBUG io.netty.util.internal.PlatformDependent0 -- -Dio.netty.noUnsafe: false
12:53:13.562 [pool-2-thread-1] DEBUG io.netty.util.internal.PlatformDependent0 -- Java version: 21
12:53:13.563 [pool-2-thread-1] DEBUG io.netty.util.internal.PlatformDependent0 -- sun.misc.Unsafe.theUnsafe: available
12:53:13.564 [pool-2-thread-1] DEBUG io.netty.util.internal.PlatformDependent0 -- sun.misc.Unsafe.copyMemory: available
12:53:13.564 [pool-2-thread-1] DEBUG io.netty.util.internal.PlatformDependent0 -- sun.misc.Unsafe.storeFence: available
12:53:13.564 [pool-2-thread-1] DEBUG io.netty.util.internal.PlatformDependent0 -- java.nio.Buffer.address: available
12:53:13.566 [pool-2-thread-1] DEBUG io.netty.util.internal.PlatformDependent0 -- direct buffer constructor: unavailable: Reflective setAccessible(true) disabled
12:53:13.567 [pool-2-thread-1] DEBUG io.netty.util.internal.PlatformDependent0 -- java.nio.Bits.unaligned: available, true
12:53:13.568 [pool-2-thread-1] DEBUG io.netty.util.internal.PlatformDependent0 -- jdk.internal.misc.Unsafe.allocateUninitializedArray(int): unavailable: class io.netty.util.internal.PlatformDependent0$7 cannot access class jdk.internal.misc.Unsafe (in module java.base) because module java.base does not export jdk.internal.misc to unnamed module @401e7803
12:53:13.569 [pool-2-thread-1] DEBUG io.netty.util.internal.PlatformDependent0 -- java.nio.DirectByteBuffer.<init>(long, {int,long}): unavailable
12:53:13.569 [pool-2-thread-1] DEBUG io.netty.util.internal.PlatformDependent -- sun.misc.Unsafe: available
12:53:13.570 [pool-2-thread-1] DEBUG io.netty.util.internal.PlatformDependent -- -Dio.netty.tmpdir: C:\Users\ALEXAN~1\AppData\Local\Temp (java.io.tmpdir)
12:53:13.570 [pool-2-thread-1] DEBUG io.netty.util.internal.PlatformDependent -- -Dio.netty.bitMode: 64 (sun.arch.data.model)
12:53:13.570 [pool-2-thread-1] DEBUG io.netty.util.internal.PlatformDependent -- Platform: Windows
12:53:13.571 [pool-2-thread-1] DEBUG io.netty.util.internal.PlatformDependent -- -Dio.netty.maxDirectMemory: -1 bytes
12:53:13.571 [pool-2-thread-1] DEBUG io.netty.util.internal.PlatformDependent -- -Dio.netty.uninitializedArrayAllocationThreshold: -1
12:53:13.573 [pool-2-thread-1] DEBUG io.netty.util.internal.CleanerJava9 -- java.nio.ByteBuffer.cleaner(): available
12:53:13.573 [pool-2-thread-1] DEBUG io.netty.util.internal.PlatformDependent -- -Dio.netty.noPreferDirect: false
12:53:13.779 [pool-2-thread-2] DEBUG org.apache.http.client.protocol.RequestAddCookies -- CookieSpec selected: karate
12:53:13.779 [pool-2-thread-3] DEBUG org.apache.http.client.protocol.RequestAddCookies -- CookieSpec selected: karate
12:53:13.779 [pool-2-thread-1] DEBUG org.apache.http.client.protocol.RequestAddCookies -- CookieSpec selected: karate
12:53:13.779 [pool-2-thread-4] DEBUG org.apache.http.client.protocol.RequestAddCookies -- CookieSpec selected: karate
12:53:13.787 [pool-2-thread-4] DEBUG org.apache.http.client.protocol.RequestAuthCache -- Auth cache not set in the context
12:53:13.787 [pool-2-thread-3] DEBUG org.apache.http.client.protocol.RequestAuthCache -- Auth cache not set in the context
12:53:13.787 [pool-2-thread-2] DEBUG org.apache.http.client.protocol.RequestAuthCache -- Auth cache not set in the context
12:53:13.787 [pool-2-thread-1] DEBUG org.apache.http.client.protocol.RequestAuthCache -- Auth cache not set in the context
12:53:13.788 [pool-2-thread-3] DEBUG com.intuit.karate -- request:
1 > GET https://serverest.dev/usuarios
1 > Host: serverest.dev
1 > Connection: Keep-Alive
1 > User-Agent: Apache-HttpClient/4.5.14 (Java/21.0.9)
1 > Accept-Encoding: gzip,deflate


12:53:13.788 [pool-2-thread-2] DEBUG com.intuit.karate -- request:
1 > POST https://serverest.dev/usuarios
1 > Content-Type: application/json; charset=UTF-8
1 > Content-Length: 90
1 > Host: serverest.dev
1 > Connection: Keep-Alive
1 > User-Agent: Apache-HttpClient/4.5.14 (Java/21.0.9)
1 > Accept-Encoding: gzip,deflate
{"nome":"Ana Costa","email":"ACosta163@test.com","password":"1234","administrador":"true"}

12:53:13.788 [pool-2-thread-1] DEBUG com.intuit.karate -- request:
1 > POST https://serverest.dev/usuarios
1 > Content-Type: application/json; charset=UTF-8
1 > Content-Length: 92
1 > Host: serverest.dev
1 > Connection: Keep-Alive
1 > User-Agent: Apache-HttpClient/4.5.14 (Java/21.0.9)
1 > Accept-Encoding: gzip,deflate
{"nome":"Bruno Souza","email":"BSouza992@test.com","password":"1234","administrador":"true"}

12:53:13.788 [pool-2-thread-4] DEBUG com.intuit.karate -- request:
1 > POST https://serverest.dev/usuarios
1 > Content-Type: application/json; charset=UTF-8
1 > Content-Length: 94
1 > Host: serverest.dev
1 > Connection: Keep-Alive
1 > User-Agent: Apache-HttpClient/4.5.14 (Java/21.0.9)
1 > Accept-Encoding: gzip,deflate
{"nome":"Bruno Santos","email":"BSantos304@test.com","password":"1234","administrador":"true"}

12:53:13.790 [pool-2-thread-3] DEBUG org.apache.http.impl.conn.PoolingHttpClientConnectionManager -- Connection request: [route: {s}->https://serverest.dev:443][total available: 0; route allocated: 0 of 5; total allocated: 0 of 10]
12:53:13.790 [pool-2-thread-1] DEBUG org.apache.http.impl.conn.PoolingHttpClientConnectionManager -- Connection request: [route: {s}->https://serverest.dev:443][total available: 0; route allocated: 0 of 5; total allocated: 0 of 10]
12:53:13.790 [pool-2-thread-4] DEBUG org.apache.http.impl.conn.PoolingHttpClientConnectionManager -- Connection request: [route: {s}->https://serverest.dev:443][total available: 0; route allocated: 0 of 5; total allocated: 0 of 10]
12:53:13.790 [pool-2-thread-2] DEBUG org.apache.http.impl.conn.PoolingHttpClientConnectionManager -- Connection request: [route: {s}->https://serverest.dev:443][total available: 0; route allocated: 0 of 5; total allocated: 0 of 10]
12:53:13.800 [pool-2-thread-4] DEBUG org.apache.http.impl.conn.PoolingHttpClientConnectionManager -- Connection leased: [id: 1][route: {s}->https://serverest.dev:443][total available: 0; route allocated: 1 of 5; total allocated: 1 of 10]
12:53:13.800 [pool-2-thread-1] DEBUG org.apache.http.impl.conn.PoolingHttpClientConnectionManager -- Connection leased: [id: 3][route: {s}->https://serverest.dev:443][total available: 0; route allocated: 1 of 5; total allocated: 1 of 10]
12:53:13.800 [pool-2-thread-2] DEBUG org.apache.http.impl.conn.PoolingHttpClientConnectionManager -- Connection leased: [id: 0][route: {s}->https://serverest.dev:443][total available: 0; route allocated: 1 of 5; total allocated: 1 of 10]
12:53:13.800 [pool-2-thread-3] DEBUG org.apache.http.impl.conn.PoolingHttpClientConnectionManager -- Connection leased: [id: 2][route: {s}->https://serverest.dev:443][total available: 0; route allocated: 1 of 5; total allocated: 1 of 10]
12:53:13.801 [pool-2-thread-1] DEBUG org.apache.http.impl.execchain.MainClientExec -- Opening connection {s}->https://serverest.dev:443
12:53:13.801 [pool-2-thread-2] DEBUG org.apache.http.impl.execchain.MainClientExec -- Opening connection {s}->https://serverest.dev:443
12:53:13.801 [pool-2-thread-4] DEBUG org.apache.http.impl.execchain.MainClientExec -- Opening connection {s}->https://serverest.dev:443
12:53:13.801 [pool-2-thread-3] DEBUG org.apache.http.impl.execchain.MainClientExec -- Opening connection {s}->https://serverest.dev:443
12:53:13.816 [pool-2-thread-2] DEBUG org.apache.http.impl.conn.DefaultHttpClientConnectionOperator -- Connecting to serverest.dev/216.239.38.21:443
12:53:13.816 [pool-2-thread-4] DEBUG org.apache.http.impl.conn.DefaultHttpClientConnectionOperator -- Connecting to serverest.dev/216.239.38.21:443
12:53:13.816 [pool-2-thread-3] DEBUG org.apache.http.impl.conn.DefaultHttpClientConnectionOperator -- Connecting to serverest.dev/216.239.38.21:443
12:53:13.816 [pool-2-thread-1] DEBUG org.apache.http.impl.conn.DefaultHttpClientConnectionOperator -- Connecting to serverest.dev/216.239.38.21:443
12:53:13.816 [pool-2-thread-2] DEBUG org.apache.http.conn.ssl.SSLConnectionSocketFactory -- Connecting socket to serverest.dev/216.239.38.21:443 with timeout 30000
12:53:13.816 [pool-2-thread-4] DEBUG org.apache.http.conn.ssl.SSLConnectionSocketFactory -- Connecting socket to serverest.dev/216.239.38.21:443 with timeout 30000
12:53:13.816 [pool-2-thread-3] DEBUG org.apache.http.conn.ssl.SSLConnectionSocketFactory -- Connecting socket to serverest.dev/216.239.38.21:443 with timeout 30000
12:53:13.816 [pool-2-thread-1] DEBUG org.apache.http.conn.ssl.SSLConnectionSocketFactory -- Connecting socket to serverest.dev/216.239.38.21:443 with timeout 30000
12:53:13.897 [pool-2-thread-3] DEBUG org.apache.http.conn.ssl.SSLConnectionSocketFactory -- Enabled protocols: [TLSv1.3, TLSv1.2]
12:53:13.897 [pool-2-thread-2] DEBUG org.apache.http.conn.ssl.SSLConnectionSocketFactory -- Enabled protocols: [TLSv1.3, TLSv1.2]
12:53:13.898 [pool-2-thread-1] DEBUG org.apache.http.conn.ssl.SSLConnectionSocketFactory -- Enabled protocols: [TLSv1.3, TLSv1.2]
12:53:13.898 [pool-2-thread-4] DEBUG org.apache.http.conn.ssl.SSLConnectionSocketFactory -- Enabled protocols: [TLSv1.3, TLSv1.2]
12:53:13.898 [pool-2-thread-3] DEBUG org.apache.http.conn.ssl.SSLConnectionSocketFactory -- Enabled cipher suites:[TLS_AES_256_GCM_SHA384, TLS_AES_128_GCM_SHA256, TLS_CHACHA20_POLY1305_SHA256, TLS_ECDHE_ECDSA_WITH_AES_256_GCM_SHA384, TLS_ECDHE_ECDSA_WITH_AES_128_GCM_SHA256, TLS_ECDHE_ECDSA_WITH_CHACHA20_POLY1305_SHA256, TLS_ECDHE_RSA_WITH_AES_256_GCM_SHA384, TLS_ECDHE_RSA_WITH_CHACHA20_POLY1305_SHA256, TLS_ECDHE_RSA_WITH_AES_128_GCM_SHA256, TLS_DHE_RSA_WITH_AES_256_GCM_SHA384, TLS_DHE_RSA_WITH_CHACHA20_POLY1305_SHA256, TLS_DHE_DSS_WITH_AES_256_GCM_SHA384, TLS_DHE_RSA_WITH_AES_128_GCM_SHA256, TLS_DHE_DSS_WITH_AES_128_GCM_SHA256, TLS_ECDHE_ECDSA_WITH_AES_256_CBC_SHA384, TLS_ECDHE_RSA_WITH_AES_256_CBC_SHA384, TLS_ECDHE_ECDSA_WITH_AES_128_CBC_SHA256, TLS_ECDHE_RSA_WITH_AES_128_CBC_SHA256, TLS_DHE_RSA_WITH_AES_256_CBC_SHA256, TLS_DHE_DSS_WITH_AES_256_CBC_SHA256, TLS_DHE_RSA_WITH_AES_128_CBC_SHA256, TLS_DHE_DSS_WITH_AES_128_CBC_SHA256, TLS_ECDHE_ECDSA_WITH_AES_256_CBC_SHA, TLS_ECDHE_RSA_WITH_AES_256_CBC_SHA, TLS_ECDHE_ECDSA_WITH_AES_128_CBC_SHA, TLS_ECDHE_RSA_WITH_AES_128_CBC_SHA, TLS_DHE_RSA_WITH_AES_256_CBC_SHA, TLS_DHE_DSS_WITH_AES_256_CBC_SHA, TLS_DHE_RSA_WITH_AES_128_CBC_SHA, TLS_DHE_DSS_WITH_AES_128_CBC_SHA, TLS_RSA_WITH_AES_256_GCM_SHA384, TLS_RSA_WITH_AES_128_GCM_SHA256, TLS_RSA_WITH_AES_256_CBC_SHA256, TLS_RSA_WITH_AES_128_CBC_SHA256, TLS_RSA_WITH_AES_256_CBC_SHA, TLS_RSA_WITH_AES_128_CBC_SHA, TLS_EMPTY_RENEGOTIATION_INFO_SCSV]
12:53:13.898 [pool-2-thread-2] DEBUG org.apache.http.conn.ssl.SSLConnectionSocketFactory -- Enabled cipher suites:[TLS_AES_256_GCM_SHA384, TLS_AES_128_GCM_SHA256, TLS_CHACHA20_POLY1305_SHA256, TLS_ECDHE_ECDSA_WITH_AES_256_GCM_SHA384, TLS_ECDHE_ECDSA_WITH_AES_128_GCM_SHA256, TLS_ECDHE_ECDSA_WITH_CHACHA20_POLY1305_SHA256, TLS_ECDHE_RSA_WITH_AES_256_GCM_SHA384, TLS_ECDHE_RSA_WITH_CHACHA20_POLY1305_SHA256, TLS_ECDHE_RSA_WITH_AES_128_GCM_SHA256, TLS_DHE_RSA_WITH_AES_256_GCM_SHA384, TLS_DHE_RSA_WITH_CHACHA20_POLY1305_SHA256, TLS_DHE_DSS_WITH_AES_256_GCM_SHA384, TLS_DHE_RSA_WITH_AES_128_GCM_SHA256, TLS_DHE_DSS_WITH_AES_128_GCM_SHA256, TLS_ECDHE_ECDSA_WITH_AES_256_CBC_SHA384, TLS_ECDHE_RSA_WITH_AES_256_CBC_SHA384, TLS_ECDHE_ECDSA_WITH_AES_128_CBC_SHA256, TLS_ECDHE_RSA_WITH_AES_128_CBC_SHA256, TLS_DHE_RSA_WITH_AES_256_CBC_SHA256, TLS_DHE_DSS_WITH_AES_256_CBC_SHA256, TLS_DHE_RSA_WITH_AES_128_CBC_SHA256, TLS_DHE_DSS_WITH_AES_128_CBC_SHA256, TLS_ECDHE_ECDSA_WITH_AES_256_CBC_SHA, TLS_ECDHE_RSA_WITH_AES_256_CBC_SHA, TLS_ECDHE_ECDSA_WITH_AES_128_CBC_SHA, TLS_ECDHE_RSA_WITH_AES_128_CBC_SHA, TLS_DHE_RSA_WITH_AES_256_CBC_SHA, TLS_DHE_DSS_WITH_AES_256_CBC_SHA, TLS_DHE_RSA_WITH_AES_128_CBC_SHA, TLS_DHE_DSS_WITH_AES_128_CBC_SHA, TLS_RSA_WITH_AES_256_GCM_SHA384, TLS_RSA_WITH_AES_128_GCM_SHA256, TLS_RSA_WITH_AES_256_CBC_SHA256, TLS_RSA_WITH_AES_128_CBC_SHA256, TLS_RSA_WITH_AES_256_CBC_SHA, TLS_RSA_WITH_AES_128_CBC_SHA, TLS_EMPTY_RENEGOTIATION_INFO_SCSV]
12:53:13.898 [pool-2-thread-1] DEBUG org.apache.http.conn.ssl.SSLConnectionSocketFactory -- Enabled cipher suites:[TLS_AES_256_GCM_SHA384, TLS_AES_128_GCM_SHA256, TLS_CHACHA20_POLY1305_SHA256, TLS_ECDHE_ECDSA_WITH_AES_256_GCM_SHA384, TLS_ECDHE_ECDSA_WITH_AES_128_GCM_SHA256, TLS_ECDHE_ECDSA_WITH_CHACHA20_POLY1305_SHA256, TLS_ECDHE_RSA_WITH_AES_256_GCM_SHA384, TLS_ECDHE_RSA_WITH_CHACHA20_POLY1305_SHA256, TLS_ECDHE_RSA_WITH_AES_128_GCM_SHA256, TLS_DHE_RSA_WITH_AES_256_GCM_SHA384, TLS_DHE_RSA_WITH_CHACHA20_POLY1305_SHA256, TLS_DHE_DSS_WITH_AES_256_GCM_SHA384, TLS_DHE_RSA_WITH_AES_128_GCM_SHA256, TLS_DHE_DSS_WITH_AES_128_GCM_SHA256, TLS_ECDHE_ECDSA_WITH_AES_256_CBC_SHA384, TLS_ECDHE_RSA_WITH_AES_256_CBC_SHA384, TLS_ECDHE_ECDSA_WITH_AES_128_CBC_SHA256, TLS_ECDHE_RSA_WITH_AES_128_CBC_SHA256, TLS_DHE_RSA_WITH_AES_256_CBC_SHA256, TLS_DHE_DSS_WITH_AES_256_CBC_SHA256, TLS_DHE_RSA_WITH_AES_128_CBC_SHA256, TLS_DHE_DSS_WITH_AES_128_CBC_SHA256, TLS_ECDHE_ECDSA_WITH_AES_256_CBC_SHA, TLS_ECDHE_RSA_WITH_AES_256_CBC_SHA, TLS_ECDHE_ECDSA_WITH_AES_128_CBC_SHA, TLS_ECDHE_RSA_WITH_AES_128_CBC_SHA, TLS_DHE_RSA_WITH_AES_256_CBC_SHA, TLS_DHE_DSS_WITH_AES_256_CBC_SHA, TLS_DHE_RSA_WITH_AES_128_CBC_SHA, TLS_DHE_DSS_WITH_AES_128_CBC_SHA, TLS_RSA_WITH_AES_256_GCM_SHA384, TLS_RSA_WITH_AES_128_GCM_SHA256, TLS_RSA_WITH_AES_256_CBC_SHA256, TLS_RSA_WITH_AES_128_CBC_SHA256, TLS_RSA_WITH_AES_256_CBC_SHA, TLS_RSA_WITH_AES_128_CBC_SHA, TLS_EMPTY_RENEGOTIATION_INFO_SCSV]
12:53:13.898 [pool-2-thread-4] DEBUG org.apache.http.conn.ssl.SSLConnectionSocketFactory -- Enabled cipher suites:[TLS_AES_256_GCM_SHA384, TLS_AES_128_GCM_SHA256, TLS_CHACHA20_POLY1305_SHA256, TLS_ECDHE_ECDSA_WITH_AES_256_GCM_SHA384, TLS_ECDHE_ECDSA_WITH_AES_128_GCM_SHA256, TLS_ECDHE_ECDSA_WITH_CHACHA20_POLY1305_SHA256, TLS_ECDHE_RSA_WITH_AES_256_GCM_SHA384, TLS_ECDHE_RSA_WITH_CHACHA20_POLY1305_SHA256, TLS_ECDHE_RSA_WITH_AES_128_GCM_SHA256, TLS_DHE_RSA_WITH_AES_256_GCM_SHA384, TLS_DHE_RSA_WITH_CHACHA20_POLY1305_SHA256, TLS_DHE_DSS_WITH_AES_256_GCM_SHA384, TLS_DHE_RSA_WITH_AES_128_GCM_SHA256, TLS_DHE_DSS_WITH_AES_128_GCM_SHA256, TLS_ECDHE_ECDSA_WITH_AES_256_CBC_SHA384, TLS_ECDHE_RSA_WITH_AES_256_CBC_SHA384, TLS_ECDHE_ECDSA_WITH_AES_128_CBC_SHA256, TLS_ECDHE_RSA_WITH_AES_128_CBC_SHA256, TLS_DHE_RSA_WITH_AES_256_CBC_SHA256, TLS_DHE_DSS_WITH_AES_256_CBC_SHA256, TLS_DHE_RSA_WITH_AES_128_CBC_SHA256, TLS_DHE_DSS_WITH_AES_128_CBC_SHA256, TLS_ECDHE_ECDSA_WITH_AES_256_CBC_SHA, TLS_ECDHE_RSA_WITH_AES_256_CBC_SHA, TLS_ECDHE_ECDSA_WITH_AES_128_CBC_SHA, TLS_ECDHE_RSA_WITH_AES_128_CBC_SHA, TLS_DHE_RSA_WITH_AES_256_CBC_SHA, TLS_DHE_DSS_WITH_AES_256_CBC_SHA, TLS_DHE_RSA_WITH_AES_128_CBC_SHA, TLS_DHE_DSS_WITH_AES_128_CBC_SHA, TLS_RSA_WITH_AES_256_GCM_SHA384, TLS_RSA_WITH_AES_128_GCM_SHA256, TLS_RSA_WITH_AES_256_CBC_SHA256, TLS_RSA_WITH_AES_128_CBC_SHA256, TLS_RSA_WITH_AES_256_CBC_SHA, TLS_RSA_WITH_AES_128_CBC_SHA, TLS_EMPTY_RENEGOTIATION_INFO_SCSV]
12:53:13.899 [pool-2-thread-4] DEBUG org.apache.http.conn.ssl.SSLConnectionSocketFactory -- Starting handshake
12:53:13.898 [pool-2-thread-3] DEBUG org.apache.http.conn.ssl.SSLConnectionSocketFactory -- Starting handshake
12:53:13.898 [pool-2-thread-2] DEBUG org.apache.http.conn.ssl.SSLConnectionSocketFactory -- Starting handshake
12:53:13.899 [pool-2-thread-1] DEBUG org.apache.http.conn.ssl.SSLConnectionSocketFactory -- Starting handshake
12:53:14.274 [pool-2-thread-1] DEBUG org.apache.http.conn.ssl.SSLConnectionSocketFactory -- Secure session established
12:53:14.274 [pool-2-thread-4] DEBUG org.apache.http.conn.ssl.SSLConnectionSocketFactory -- Secure session established
12:53:14.274 [pool-2-thread-1] DEBUG org.apache.http.conn.ssl.SSLConnectionSocketFactory --  negotiated protocol: TLSv1.3
12:53:14.274 [pool-2-thread-4] DEBUG org.apache.http.conn.ssl.SSLConnectionSocketFactory --  negotiated protocol: TLSv1.3
12:53:14.274 [pool-2-thread-1] DEBUG org.apache.http.conn.ssl.SSLConnectionSocketFactory --  negotiated cipher suite: TLS_AES_256_GCM_SHA384
12:53:14.275 [pool-2-thread-4] DEBUG org.apache.http.conn.ssl.SSLConnectionSocketFactory --  negotiated cipher suite: TLS_AES_256_GCM_SHA384
12:53:14.274 [pool-2-thread-2] DEBUG org.apache.http.conn.ssl.SSLConnectionSocketFactory -- Secure session established
12:53:14.275 [pool-2-thread-2] DEBUG org.apache.http.conn.ssl.SSLConnectionSocketFactory --  negotiated protocol: TLSv1.3
12:53:14.275 [pool-2-thread-4] DEBUG org.apache.http.conn.ssl.SSLConnectionSocketFactory --  peer principal: CN=serverest.dev
12:53:14.275 [pool-2-thread-1] DEBUG org.apache.http.conn.ssl.SSLConnectionSocketFactory --  peer principal: CN=serverest.dev
12:53:14.275 [pool-2-thread-2] DEBUG org.apache.http.conn.ssl.SSLConnectionSocketFactory --  negotiated cipher suite: TLS_AES_256_GCM_SHA384
12:53:14.275 [pool-2-thread-1] DEBUG org.apache.http.conn.ssl.SSLConnectionSocketFactory --  peer alternative names: [serverest.dev]
12:53:14.275 [pool-2-thread-4] DEBUG org.apache.http.conn.ssl.SSLConnectionSocketFactory --  peer alternative names: [serverest.dev]
12:53:14.275 [pool-2-thread-1] DEBUG org.apache.http.conn.ssl.SSLConnectionSocketFactory --  issuer principal: CN=WR3, O=Google Trust Services, C=US
12:53:14.275 [pool-2-thread-2] DEBUG org.apache.http.conn.ssl.SSLConnectionSocketFactory --  peer principal: CN=serverest.dev
12:53:14.275 [pool-2-thread-2] DEBUG org.apache.http.conn.ssl.SSLConnectionSocketFactory --  peer alternative names: [serverest.dev]
12:53:14.275 [pool-2-thread-2] DEBUG org.apache.http.conn.ssl.SSLConnectionSocketFactory --  issuer principal: CN=WR3, O=Google Trust Services, C=US
12:53:14.275 [pool-2-thread-3] DEBUG org.apache.http.conn.ssl.SSLConnectionSocketFactory -- Secure session established
12:53:14.275 [pool-2-thread-4] DEBUG org.apache.http.conn.ssl.SSLConnectionSocketFactory --  issuer principal: CN=WR3, O=Google Trust Services, C=US
12:53:14.276 [pool-2-thread-3] DEBUG org.apache.http.conn.ssl.SSLConnectionSocketFactory --  negotiated protocol: TLSv1.3
12:53:14.276 [pool-2-thread-3] DEBUG org.apache.http.conn.ssl.SSLConnectionSocketFactory --  negotiated cipher suite: TLS_AES_256_GCM_SHA384
12:53:14.276 [pool-2-thread-3] DEBUG org.apache.http.conn.ssl.SSLConnectionSocketFactory --  peer principal: CN=serverest.dev
12:53:14.276 [pool-2-thread-3] DEBUG org.apache.http.conn.ssl.SSLConnectionSocketFactory --  peer alternative names: [serverest.dev]
12:53:14.277 [pool-2-thread-3] DEBUG org.apache.http.conn.ssl.SSLConnectionSocketFactory --  issuer principal: CN=WR3, O=Google Trust Services, C=US
12:53:14.280 [pool-2-thread-1] DEBUG org.apache.http.impl.conn.DefaultHttpClientConnectionOperator -- Connection established 192.168.18.60:51437<->216.239.38.21:443
12:53:14.280 [pool-2-thread-4] DEBUG org.apache.http.impl.conn.DefaultHttpClientConnectionOperator -- Connection established 192.168.18.60:51439<->216.239.38.21:443
12:53:14.280 [pool-2-thread-2] DEBUG org.apache.http.impl.conn.DefaultHttpClientConnectionOperator -- Connection established 192.168.18.60:51440<->216.239.38.21:443
12:53:14.280 [pool-2-thread-3] DEBUG org.apache.http.impl.conn.DefaultHttpClientConnectionOperator -- Connection established 192.168.18.60:51438<->216.239.38.21:443
12:53:14.280 [pool-2-thread-1] DEBUG org.apache.http.impl.conn.DefaultManagedHttpClientConnection -- http-outgoing-0: set socket timeout to 30000
12:53:14.280 [pool-2-thread-4] DEBUG org.apache.http.impl.conn.DefaultManagedHttpClientConnection -- http-outgoing-3: set socket timeout to 30000
12:53:14.280 [pool-2-thread-2] DEBUG org.apache.http.impl.conn.DefaultManagedHttpClientConnection -- http-outgoing-1: set socket timeout to 30000
12:53:14.280 [pool-2-thread-3] DEBUG org.apache.http.impl.conn.DefaultManagedHttpClientConnection -- http-outgoing-2: set socket timeout to 30000
12:53:14.280 [pool-2-thread-4] DEBUG org.apache.http.impl.execchain.MainClientExec -- Executing request POST /usuarios HTTP/1.1
12:53:14.280 [pool-2-thread-1] DEBUG org.apache.http.impl.execchain.MainClientExec -- Executing request POST /usuarios HTTP/1.1
12:53:14.280 [pool-2-thread-2] DEBUG org.apache.http.impl.execchain.MainClientExec -- Executing request POST /usuarios HTTP/1.1
12:53:14.280 [pool-2-thread-3] DEBUG org.apache.http.impl.execchain.MainClientExec -- Executing request GET /usuarios HTTP/1.1
12:53:14.280 [pool-2-thread-4] DEBUG org.apache.http.impl.execchain.MainClientExec -- Target auth state: UNCHALLENGED
12:53:14.281 [pool-2-thread-1] DEBUG org.apache.http.impl.execchain.MainClientExec -- Target auth state: UNCHALLENGED
12:53:14.281 [pool-2-thread-2] DEBUG org.apache.http.impl.execchain.MainClientExec -- Target auth state: UNCHALLENGED
12:53:14.281 [pool-2-thread-3] DEBUG org.apache.http.impl.execchain.MainClientExec -- Target auth state: UNCHALLENGED
12:53:14.281 [pool-2-thread-2] DEBUG org.apache.http.impl.execchain.MainClientExec -- Proxy auth state: UNCHALLENGED
12:53:14.281 [pool-2-thread-3] DEBUG org.apache.http.impl.execchain.MainClientExec -- Proxy auth state: UNCHALLENGED
12:53:14.281 [pool-2-thread-1] DEBUG org.apache.http.impl.execchain.MainClientExec -- Proxy auth state: UNCHALLENGED
12:53:14.281 [pool-2-thread-4] DEBUG org.apache.http.impl.execchain.MainClientExec -- Proxy auth state: UNCHALLENGED
12:53:14.282 [pool-2-thread-1] DEBUG org.apache.http.headers -- http-outgoing-0 >> POST /usuarios HTTP/1.1
12:53:14.282 [pool-2-thread-4] DEBUG org.apache.http.headers -- http-outgoing-3 >> POST /usuarios HTTP/1.1
12:53:14.282 [pool-2-thread-2] DEBUG org.apache.http.headers -- http-outgoing-1 >> POST /usuarios HTTP/1.1
12:53:14.284 [pool-2-thread-4] DEBUG org.apache.http.headers -- http-outgoing-3 >> Content-Type: application/json; charset=UTF-8
12:53:14.282 [pool-2-thread-3] DEBUG org.apache.http.headers -- http-outgoing-2 >> GET /usuarios HTTP/1.1
12:53:14.283 [pool-2-thread-1] DEBUG org.apache.http.headers -- http-outgoing-0 >> Content-Type: application/json; charset=UTF-8
12:53:14.284 [pool-2-thread-2] DEBUG org.apache.http.headers -- http-outgoing-1 >> Content-Type: application/json; charset=UTF-8
12:53:14.284 [pool-2-thread-4] DEBUG org.apache.http.headers -- http-outgoing-3 >> Content-Length: 94
12:53:14.284 [pool-2-thread-3] DEBUG org.apache.http.headers -- http-outgoing-2 >> Host: serverest.dev
12:53:14.284 [pool-2-thread-1] DEBUG org.apache.http.headers -- http-outgoing-0 >> Content-Length: 92
12:53:14.284 [pool-2-thread-2] DEBUG org.apache.http.headers -- http-outgoing-1 >> Content-Length: 90
12:53:14.284 [pool-2-thread-4] DEBUG org.apache.http.headers -- http-outgoing-3 >> Host: serverest.dev
12:53:14.284 [pool-2-thread-3] DEBUG org.apache.http.headers -- http-outgoing-2 >> Connection: Keep-Alive
12:53:14.284 [pool-2-thread-1] DEBUG org.apache.http.headers -- http-outgoing-0 >> Host: serverest.dev
12:53:14.284 [pool-2-thread-2] DEBUG org.apache.http.headers -- http-outgoing-1 >> Host: serverest.dev
12:53:14.284 [pool-2-thread-4] DEBUG org.apache.http.headers -- http-outgoing-3 >> Connection: Keep-Alive
12:53:14.284 [pool-2-thread-2] DEBUG org.apache.http.headers -- http-outgoing-1 >> Connection: Keep-Alive
12:53:14.284 [pool-2-thread-4] DEBUG org.apache.http.headers -- http-outgoing-3 >> User-Agent: Apache-HttpClient/4.5.14 (Java/21.0.9)
12:53:14.284 [pool-2-thread-3] DEBUG org.apache.http.headers -- http-outgoing-2 >> User-Agent: Apache-HttpClient/4.5.14 (Java/21.0.9)
12:53:14.284 [pool-2-thread-1] DEBUG org.apache.http.headers -- http-outgoing-0 >> Connection: Keep-Alive
12:53:14.284 [pool-2-thread-2] DEBUG org.apache.http.headers -- http-outgoing-1 >> User-Agent: Apache-HttpClient/4.5.14 (Java/21.0.9)
12:53:14.284 [pool-2-thread-4] DEBUG org.apache.http.headers -- http-outgoing-3 >> Accept-Encoding: gzip,deflate
12:53:14.284 [pool-2-thread-3] DEBUG org.apache.http.headers -- http-outgoing-2 >> Accept-Encoding: gzip,deflate
12:53:14.285 [pool-2-thread-2] DEBUG org.apache.http.headers -- http-outgoing-1 >> Accept-Encoding: gzip,deflate
12:53:14.284 [pool-2-thread-1] DEBUG org.apache.http.headers -- http-outgoing-0 >> User-Agent: Apache-HttpClient/4.5.14 (Java/21.0.9)
12:53:14.285 [pool-2-thread-1] DEBUG org.apache.http.headers -- http-outgoing-0 >> Accept-Encoding: gzip,deflate
12:53:14.285 [pool-2-thread-3] DEBUG org.apache.http.wire -- http-outgoing-2 >> "GET /usuarios HTTP/1.1[\r][\n]"
12:53:14.285 [pool-2-thread-1] DEBUG org.apache.http.wire -- http-outgoing-0 >> "POST /usuarios HTTP/1.1[\r][\n]"
12:53:14.285 [pool-2-thread-3] DEBUG org.apache.http.wire -- http-outgoing-2 >> "Host: serverest.dev[\r][\n]"
12:53:14.285 [pool-2-thread-1] DEBUG org.apache.http.wire -- http-outgoing-0 >> "Content-Type: application/json; charset=UTF-8[\r][\n]"
12:53:14.285 [pool-2-thread-4] DEBUG org.apache.http.wire -- http-outgoing-3 >> "POST /usuarios HTTP/1.1[\r][\n]"
12:53:14.285 [pool-2-thread-2] DEBUG org.apache.http.wire -- http-outgoing-1 >> "POST /usuarios HTTP/1.1[\r][\n]"
12:53:14.285 [pool-2-thread-3] DEBUG org.apache.http.wire -- http-outgoing-2 >> "Connection: Keep-Alive[\r][\n]"
12:53:14.285 [pool-2-thread-1] DEBUG org.apache.http.wire -- http-outgoing-0 >> "Content-Length: 92[\r][\n]"
12:53:14.285 [pool-2-thread-4] DEBUG org.apache.http.wire -- http-outgoing-3 >> "Content-Type: application/json; charset=UTF-8[\r][\n]"
12:53:14.285 [pool-2-thread-2] DEBUG org.apache.http.wire -- http-outgoing-1 >> "Content-Type: application/json; charset=UTF-8[\r][\n]"
12:53:14.285 [pool-2-thread-3] DEBUG org.apache.http.wire -- http-outgoing-2 >> "User-Agent: Apache-HttpClient/4.5.14 (Java/21.0.9)[\r][\n]"
12:53:14.285 [pool-2-thread-1] DEBUG org.apache.http.wire -- http-outgoing-0 >> "Host: serverest.dev[\r][\n]"
12:53:14.285 [pool-2-thread-4] DEBUG org.apache.http.wire -- http-outgoing-3 >> "Content-Length: 94[\r][\n]"
12:53:14.285 [pool-2-thread-2] DEBUG org.apache.http.wire -- http-outgoing-1 >> "Content-Length: 90[\r][\n]"
12:53:14.285 [pool-2-thread-3] DEBUG org.apache.http.wire -- http-outgoing-2 >> "Accept-Encoding: gzip,deflate[\r][\n]"
12:53:14.285 [pool-2-thread-2] DEBUG org.apache.http.wire -- http-outgoing-1 >> "Host: serverest.dev[\r][\n]"
12:53:14.285 [pool-2-thread-1] DEBUG org.apache.http.wire -- http-outgoing-0 >> "Connection: Keep-Alive[\r][\n]"
12:53:14.285 [pool-2-thread-2] DEBUG org.apache.http.wire -- http-outgoing-1 >> "Connection: Keep-Alive[\r][\n]"
12:53:14.285 [pool-2-thread-4] DEBUG org.apache.http.wire -- http-outgoing-3 >> "Host: serverest.dev[\r][\n]"
12:53:14.286 [pool-2-thread-1] DEBUG org.apache.http.wire -- http-outgoing-0 >> "User-Agent: Apache-HttpClient/4.5.14 (Java/21.0.9)[\r][\n]"
12:53:14.286 [pool-2-thread-4] DEBUG org.apache.http.wire -- http-outgoing-3 >> "Connection: Keep-Alive[\r][\n]"
12:53:14.286 [pool-2-thread-1] DEBUG org.apache.http.wire -- http-outgoing-0 >> "Accept-Encoding: gzip,deflate[\r][\n]"
12:53:14.285 [pool-2-thread-3] DEBUG org.apache.http.wire -- http-outgoing-2 >> "[\r][\n]"
12:53:14.286 [pool-2-thread-2] DEBUG org.apache.http.wire -- http-outgoing-1 >> "User-Agent: Apache-HttpClient/4.5.14 (Java/21.0.9)[\r][\n]"
12:53:14.286 [pool-2-thread-4] DEBUG org.apache.http.wire -- http-outgoing-3 >> "User-Agent: Apache-HttpClient/4.5.14 (Java/21.0.9)[\r][\n]"
12:53:14.286 [pool-2-thread-1] DEBUG org.apache.http.wire -- http-outgoing-0 >> "[\r][\n]"
12:53:14.286 [pool-2-thread-2] DEBUG org.apache.http.wire -- http-outgoing-1 >> "Accept-Encoding: gzip,deflate[\r][\n]"
12:53:14.286 [pool-2-thread-1] DEBUG org.apache.http.wire -- http-outgoing-0 >> "{"nome":"Bruno Souza","email":"BSouza992@test.com","password":"1234","administrador":"true"}"
12:53:14.286 [pool-2-thread-4] DEBUG org.apache.http.wire -- http-outgoing-3 >> "Accept-Encoding: gzip,deflate[\r][\n]"
12:53:14.286 [pool-2-thread-2] DEBUG org.apache.http.wire -- http-outgoing-1 >> "[\r][\n]"
12:53:14.286 [pool-2-thread-2] DEBUG org.apache.http.wire -- http-outgoing-1 >> "{"nome":"Ana Costa","email":"ACosta163@test.com","password":"1234","administrador":"true"}"
12:53:14.286 [pool-2-thread-4] DEBUG org.apache.http.wire -- http-outgoing-3 >> "[\r][\n]"
12:53:14.286 [pool-2-thread-4] DEBUG org.apache.http.wire -- http-outgoing-3 >> "{"nome":"Bruno Santos","email":"BSantos304@test.com","password":"1234","administrador":"true"}"
12:53:14.481 [pool-2-thread-1] DEBUG org.apache.http.wire -- http-outgoing-0 << "HTTP/1.1 201 Created[\r][\n]"
12:53:14.482 [pool-2-thread-1] DEBUG org.apache.http.wire -- http-outgoing-0 << "access-control-allow-origin: *[\r][\n]"
12:53:14.482 [pool-2-thread-1] DEBUG org.apache.http.wire -- http-outgoing-0 << "x-dns-prefetch-control: off[\r][\n]"
12:53:14.482 [pool-2-thread-1] DEBUG org.apache.http.wire -- http-outgoing-0 << "x-frame-options: SAMEORIGIN[\r][\n]"
12:53:14.482 [pool-2-thread-1] DEBUG org.apache.http.wire -- http-outgoing-0 << "strict-transport-security: max-age=15552000; includeSubDomains[\r][\n]"
12:53:14.482 [pool-2-thread-1] DEBUG org.apache.http.wire -- http-outgoing-0 << "x-download-options: noopen[\r][\n]"
12:53:14.482 [pool-2-thread-1] DEBUG org.apache.http.wire -- http-outgoing-0 << "x-content-type-options: nosniff[\r][\n]"
12:53:14.482 [pool-2-thread-1] DEBUG org.apache.http.wire -- http-outgoing-0 << "x-xss-protection: 1; mode=block[\r][\n]"
12:53:14.482 [pool-2-thread-1] DEBUG org.apache.http.wire -- http-outgoing-0 << "content-type: application/json; charset=utf-8[\r][\n]"
12:53:14.482 [pool-2-thread-1] DEBUG org.apache.http.wire -- http-outgoing-0 << "x-cloud-trace-context: 68fe307211ba36eb62fba11d5274626d;o=1[\r][\n]"
12:53:14.482 [pool-2-thread-1] DEBUG org.apache.http.wire -- http-outgoing-0 << "date: Thu, 27 Nov 2025 17:53:14 GMT[\r][\n]"
12:53:14.482 [pool-2-thread-1] DEBUG org.apache.http.wire -- http-outgoing-0 << "server: Google Frontend[\r][\n]"
12:53:14.482 [pool-2-thread-1] DEBUG org.apache.http.wire -- http-outgoing-0 << "Content-Length: 82[\r][\n]"
12:53:14.482 [pool-2-thread-1] DEBUG org.apache.http.wire -- http-outgoing-0 << "[\r][\n]"
12:53:14.482 [pool-2-thread-1] DEBUG org.apache.http.wire -- http-outgoing-0 << "{[\n]"
12:53:14.483 [pool-2-thread-1] DEBUG org.apache.http.wire -- http-outgoing-0 << "    "message": "Cadastro realizado com sucesso",[\n]"
12:53:14.483 [pool-2-thread-1] DEBUG org.apache.http.wire -- http-outgoing-0 << "    "_id": "aw9AuwWg6pEz6Jl9"[\n]"
12:53:14.483 [pool-2-thread-1] DEBUG org.apache.http.wire -- http-outgoing-0 << "}"
12:53:14.484 [pool-2-thread-1] DEBUG org.apache.http.headers -- http-outgoing-0 << HTTP/1.1 201 Created
12:53:14.484 [pool-2-thread-1] DEBUG org.apache.http.headers -- http-outgoing-0 << access-control-allow-origin: *
12:53:14.484 [pool-2-thread-1] DEBUG org.apache.http.headers -- http-outgoing-0 << x-dns-prefetch-control: off
12:53:14.484 [pool-2-thread-1] DEBUG org.apache.http.headers -- http-outgoing-0 << x-frame-options: SAMEORIGIN
12:53:14.485 [pool-2-thread-1] DEBUG org.apache.http.headers -- http-outgoing-0 << strict-transport-security: max-age=15552000; includeSubDomains
12:53:14.485 [pool-2-thread-1] DEBUG org.apache.http.headers -- http-outgoing-0 << x-download-options: noopen
12:53:14.485 [pool-2-thread-1] DEBUG org.apache.http.headers -- http-outgoing-0 << x-content-type-options: nosniff
12:53:14.485 [pool-2-thread-1] DEBUG org.apache.http.headers -- http-outgoing-0 << x-xss-protection: 1; mode=block
12:53:14.485 [pool-2-thread-1] DEBUG org.apache.http.headers -- http-outgoing-0 << content-type: application/json; charset=utf-8
12:53:14.485 [pool-2-thread-1] DEBUG org.apache.http.headers -- http-outgoing-0 << x-cloud-trace-context: 68fe307211ba36eb62fba11d5274626d;o=1
12:53:14.485 [pool-2-thread-1] DEBUG org.apache.http.headers -- http-outgoing-0 << date: Thu, 27 Nov 2025 17:53:14 GMT
12:53:14.485 [pool-2-thread-1] DEBUG org.apache.http.headers -- http-outgoing-0 << server: Google Frontend
12:53:14.485 [pool-2-thread-1] DEBUG org.apache.http.headers -- http-outgoing-0 << Content-Length: 82
12:53:14.488 [pool-2-thread-1] DEBUG org.apache.http.impl.execchain.MainClientExec -- Connection can be kept alive indefinitely
12:53:14.490 [pool-2-thread-1] DEBUG org.apache.http.impl.conn.PoolingHttpClientConnectionManager -- Connection [id: 3][route: {s}->https://serverest.dev:443] can be kept alive indefinitely
12:53:14.490 [pool-2-thread-1] DEBUG org.apache.http.impl.conn.DefaultManagedHttpClientConnection -- http-outgoing-0: set socket timeout to 0
12:53:14.490 [pool-2-thread-1] DEBUG org.apache.http.impl.conn.PoolingHttpClientConnectionManager -- Connection released: [id: 3][route: {s}->https://serverest.dev:443][total available: 1; route allocated: 1 of 5; total allocated: 1 of 10]
12:53:14.490 [pool-2-thread-1] DEBUG org.apache.http.impl.conn.PoolingHttpClientConnectionManager -- Connection manager is shutting down
12:53:14.491 [pool-2-thread-1] DEBUG org.apache.http.impl.conn.DefaultManagedHttpClientConnection -- http-outgoing-0: Close connection
12:53:14.493 [pool-2-thread-1] DEBUG org.apache.http.impl.conn.PoolingHttpClientConnectionManager -- Connection manager shut down
12:53:14.498 [pool-2-thread-1] DEBUG com.intuit.karate -- response time in milliseconds: 701
1 < 201
1 < access-control-allow-origin: *
1 < x-dns-prefetch-control: off
1 < x-frame-options: SAMEORIGIN
1 < strict-transport-security: max-age=15552000; includeSubDomains
1 < x-download-options: noopen
1 < x-content-type-options: nosniff
1 < x-xss-protection: 1; mode=block
1 < content-type: application/json; charset=utf-8
1 < x-cloud-trace-context: 68fe307211ba36eb62fba11d5274626d;o=1
1 < date: Thu, 27 Nov 2025 17:53:14 GMT
1 < server: Google Frontend
1 < Content-Length: 82
{
    "message": "Cadastro realizado com sucesso",
    "_id": "aw9AuwWg6pEz6Jl9"
}

12:53:14.499 [pool-2-thread-2] DEBUG org.apache.http.wire -- http-outgoing-1 << "HTTP/1.1 201 Created[\r][\n]"
12:53:14.499 [pool-2-thread-2] DEBUG org.apache.http.wire -- http-outgoing-1 << "access-control-allow-origin: *[\r][\n]"
12:53:14.499 [pool-2-thread-2] DEBUG org.apache.http.wire -- http-outgoing-1 << "x-dns-prefetch-control: off[\r][\n]"
12:53:14.499 [pool-2-thread-2] DEBUG org.apache.http.wire -- http-outgoing-1 << "x-frame-options: SAMEORIGIN[\r][\n]"
12:53:14.499 [pool-2-thread-2] DEBUG org.apache.http.wire -- http-outgoing-1 << "strict-transport-security: max-age=15552000; includeSubDomains[\r][\n]"
12:53:14.499 [pool-2-thread-2] DEBUG org.apache.http.wire -- http-outgoing-1 << "x-download-options: noopen[\r][\n]"
12:53:14.499 [pool-2-thread-2] DEBUG org.apache.http.wire -- http-outgoing-1 << "x-content-type-options: nosniff[\r][\n]"
12:53:14.499 [pool-2-thread-2] DEBUG org.apache.http.wire -- http-outgoing-1 << "x-xss-protection: 1; mode=block[\r][\n]"
12:53:14.499 [pool-2-thread-2] DEBUG org.apache.http.wire -- http-outgoing-1 << "content-type: application/json; charset=utf-8[\r][\n]"
12:53:14.499 [pool-2-thread-2] DEBUG org.apache.http.wire -- http-outgoing-1 << "x-cloud-trace-context: 18f7ad93fba04856b08502ae82535032[\r][\n]"
12:53:14.499 [pool-2-thread-2] DEBUG org.apache.http.wire -- http-outgoing-1 << "date: Thu, 27 Nov 2025 17:53:14 GMT[\r][\n]"
12:53:14.499 [pool-2-thread-2] DEBUG org.apache.http.wire -- http-outgoing-1 << "server: Google Frontend[\r][\n]"
12:53:14.499 [pool-2-thread-4] DEBUG org.apache.http.wire -- http-outgoing-3 << "HTTP/1.1 201 Created[\r][\n]"
12:53:14.499 [pool-2-thread-2] DEBUG org.apache.http.wire -- http-outgoing-1 << "Content-Length: 82[\r][\n]"
12:53:14.499 [pool-2-thread-4] DEBUG org.apache.http.wire -- http-outgoing-3 << "access-control-allow-origin: *[\r][\n]"
12:53:14.499 [pool-2-thread-2] DEBUG org.apache.http.wire -- http-outgoing-1 << "[\r][\n]"
12:53:14.499 [pool-2-thread-4] DEBUG org.apache.http.wire -- http-outgoing-3 << "x-dns-prefetch-control: off[\r][\n]"
12:53:14.499 [pool-2-thread-2] DEBUG org.apache.http.wire -- http-outgoing-1 << "{[\n]"
12:53:14.499 [pool-2-thread-4] DEBUG org.apache.http.wire -- http-outgoing-3 << "x-frame-options: SAMEORIGIN[\r][\n]"
12:53:14.500 [pool-2-thread-2] DEBUG org.apache.http.wire -- http-outgoing-1 << "    "message": "Cadastro realizado com sucesso",[\n]"
12:53:14.500 [pool-2-thread-4] DEBUG org.apache.http.wire -- http-outgoing-3 << "strict-transport-security: max-age=15552000; includeSubDomains[\r][\n]"
12:53:14.500 [pool-2-thread-2] DEBUG org.apache.http.wire -- http-outgoing-1 << "    "_id": "GdtSjPdUWCPrFd7E"[\n]"
12:53:14.500 [pool-2-thread-4] DEBUG org.apache.http.wire -- http-outgoing-3 << "x-download-options: noopen[\r][\n]"
12:53:14.500 [pool-2-thread-2] DEBUG org.apache.http.wire -- http-outgoing-1 << "}"
12:53:14.500 [pool-2-thread-4] DEBUG org.apache.http.wire -- http-outgoing-3 << "x-content-type-options: nosniff[\r][\n]"
12:53:14.500 [pool-2-thread-4] DEBUG org.apache.http.wire -- http-outgoing-3 << "x-xss-protection: 1; mode=block[\r][\n]"
12:53:14.500 [pool-2-thread-2] DEBUG org.apache.http.headers -- http-outgoing-1 << HTTP/1.1 201 Created
12:53:14.500 [pool-2-thread-4] DEBUG org.apache.http.wire -- http-outgoing-3 << "content-type: application/json; charset=utf-8[\r][\n]"
12:53:14.500 [pool-2-thread-2] DEBUG org.apache.http.headers -- http-outgoing-1 << access-control-allow-origin: *
12:53:14.500 [pool-2-thread-4] DEBUG org.apache.http.wire -- http-outgoing-3 << "x-cloud-trace-context: ab371ba76ab4d29de91b51727925fb1f[\r][\n]"
12:53:14.500 [pool-2-thread-2] DEBUG org.apache.http.headers -- http-outgoing-1 << x-dns-prefetch-control: off
12:53:14.500 [pool-2-thread-4] DEBUG org.apache.http.wire -- http-outgoing-3 << "date: Thu, 27 Nov 2025 17:53:14 GMT[\r][\n]"
12:53:14.500 [pool-2-thread-2] DEBUG org.apache.http.headers -- http-outgoing-1 << x-frame-options: SAMEORIGIN
12:53:14.500 [pool-2-thread-4] DEBUG org.apache.http.wire -- http-outgoing-3 << "server: Google Frontend[\r][\n]"
12:53:14.500 [pool-2-thread-2] DEBUG org.apache.http.headers -- http-outgoing-1 << strict-transport-security: max-age=15552000; includeSubDomains
12:53:14.500 [pool-2-thread-4] DEBUG org.apache.http.wire -- http-outgoing-3 << "Content-Length: 82[\r][\n]"
12:53:14.500 [pool-2-thread-4] DEBUG org.apache.http.wire -- http-outgoing-3 << "[\r][\n]"
12:53:14.500 [pool-2-thread-2] DEBUG org.apache.http.headers -- http-outgoing-1 << x-download-options: noopen
12:53:14.501 [pool-2-thread-4] DEBUG org.apache.http.wire -- http-outgoing-3 << "{[\n]"
12:53:14.501 [pool-2-thread-2] DEBUG org.apache.http.headers -- http-outgoing-1 << x-content-type-options: nosniff
12:53:14.501 [pool-2-thread-4] DEBUG org.apache.http.wire -- http-outgoing-3 << "    "message": "Cadastro realizado com sucesso",[\n]"
12:53:14.501 [pool-2-thread-2] DEBUG org.apache.http.headers -- http-outgoing-1 << x-xss-protection: 1; mode=block
12:53:14.501 [pool-2-thread-4] DEBUG org.apache.http.wire -- http-outgoing-3 << "    "_id": "uq7x3xUdAQxdKlEZ"[\n]"
12:53:14.501 [pool-2-thread-2] DEBUG org.apache.http.headers -- http-outgoing-1 << content-type: application/json; charset=utf-8
12:53:14.501 [pool-2-thread-4] DEBUG org.apache.http.wire -- http-outgoing-3 << "}"
12:53:14.501 [pool-2-thread-2] DEBUG org.apache.http.headers -- http-outgoing-1 << x-cloud-trace-context: 18f7ad93fba04856b08502ae82535032
12:53:14.501 [pool-2-thread-2] DEBUG org.apache.http.headers -- http-outgoing-1 << date: Thu, 27 Nov 2025 17:53:14 GMT
12:53:14.501 [pool-2-thread-2] DEBUG org.apache.http.headers -- http-outgoing-1 << server: Google Frontend
12:53:14.501 [pool-2-thread-4] DEBUG org.apache.http.headers -- http-outgoing-3 << HTTP/1.1 201 Created
12:53:14.501 [pool-2-thread-2] DEBUG org.apache.http.headers -- http-outgoing-1 << Content-Length: 82
12:53:14.501 [pool-2-thread-4] DEBUG org.apache.http.headers -- http-outgoing-3 << access-control-allow-origin: *
12:53:14.501 [pool-2-thread-4] DEBUG org.apache.http.headers -- http-outgoing-3 << x-dns-prefetch-control: off
12:53:14.501 [pool-2-thread-4] DEBUG org.apache.http.headers -- http-outgoing-3 << x-frame-options: SAMEORIGIN
12:53:14.501 [pool-2-thread-2] DEBUG org.apache.http.impl.execchain.MainClientExec -- Connection can be kept alive indefinitely
12:53:14.501 [pool-2-thread-4] DEBUG org.apache.http.headers -- http-outgoing-3 << strict-transport-security: max-age=15552000; includeSubDomains
12:53:14.501 [pool-2-thread-4] DEBUG org.apache.http.headers -- http-outgoing-3 << x-download-options: noopen
12:53:14.501 [pool-2-thread-4] DEBUG org.apache.http.headers -- http-outgoing-3 << x-content-type-options: nosniff
12:53:14.501 [pool-2-thread-2] DEBUG org.apache.http.impl.conn.PoolingHttpClientConnectionManager -- Connection [id: 0][route: {s}->https://serverest.dev:443] can be kept alive indefinitely
12:53:14.501 [pool-2-thread-4] DEBUG org.apache.http.headers -- http-outgoing-3 << x-xss-protection: 1; mode=block
12:53:14.501 [pool-2-thread-2] DEBUG org.apache.http.impl.conn.DefaultManagedHttpClientConnection -- http-outgoing-1: set socket timeout to 0
12:53:14.501 [pool-2-thread-4] DEBUG org.apache.http.headers -- http-outgoing-3 << content-type: application/json; charset=utf-8
12:53:14.501 [pool-2-thread-4] DEBUG org.apache.http.headers -- http-outgoing-3 << x-cloud-trace-context: ab371ba76ab4d29de91b51727925fb1f
12:53:14.501 [pool-2-thread-2] DEBUG org.apache.http.impl.conn.PoolingHttpClientConnectionManager -- Connection released: [id: 0][route: {s}->https://serverest.dev:443][total available: 1; route allocated: 1 of 5; total allocated: 1 of 10]
12:53:14.501 [pool-2-thread-4] DEBUG org.apache.http.headers -- http-outgoing-3 << date: Thu, 27 Nov 2025 17:53:14 GMT
12:53:14.501 [pool-2-thread-2] DEBUG org.apache.http.impl.conn.PoolingHttpClientConnectionManager -- Connection manager is shutting down
12:53:14.501 [pool-2-thread-4] DEBUG org.apache.http.headers -- http-outgoing-3 << server: Google Frontend
12:53:14.501 [pool-2-thread-2] DEBUG org.apache.http.impl.conn.DefaultManagedHttpClientConnection -- http-outgoing-1: Close connection
12:53:14.501 [pool-2-thread-4] DEBUG org.apache.http.headers -- http-outgoing-3 << Content-Length: 82
12:53:14.501 [pool-2-thread-4] DEBUG org.apache.http.impl.execchain.MainClientExec -- Connection can be kept alive indefinitely
12:53:14.502 [pool-2-thread-4] DEBUG org.apache.http.impl.conn.PoolingHttpClientConnectionManager -- Connection [id: 1][route: {s}->https://serverest.dev:443] can be kept alive indefinitely
12:53:14.502 [pool-2-thread-4] DEBUG org.apache.http.impl.conn.DefaultManagedHttpClientConnection -- http-outgoing-3: set socket timeout to 0
12:53:14.502 [pool-2-thread-2] DEBUG org.apache.http.impl.conn.PoolingHttpClientConnectionManager -- Connection manager shut down
12:53:14.502 [pool-2-thread-4] DEBUG org.apache.http.impl.conn.PoolingHttpClientConnectionManager -- Connection released: [id: 1][route: {s}->https://serverest.dev:443][total available: 1; route allocated: 1 of 5; total allocated: 1 of 10]
12:53:14.502 [pool-2-thread-4] DEBUG org.apache.http.impl.conn.PoolingHttpClientConnectionManager -- Connection manager is shutting down
12:53:14.502 [pool-2-thread-4] DEBUG org.apache.http.impl.conn.DefaultManagedHttpClientConnection -- http-outgoing-3: Close connection
12:53:14.502 [pool-2-thread-2] DEBUG com.intuit.karate -- response time in milliseconds: 712
1 < 201
1 < access-control-allow-origin: *
1 < x-dns-prefetch-control: off
1 < x-frame-options: SAMEORIGIN
1 < strict-transport-security: max-age=15552000; includeSubDomains
1 < x-download-options: noopen
1 < x-content-type-options: nosniff
1 < x-xss-protection: 1; mode=block
1 < content-type: application/json; charset=utf-8
1 < x-cloud-trace-context: 18f7ad93fba04856b08502ae82535032
1 < date: Thu, 27 Nov 2025 17:53:14 GMT
1 < server: Google Frontend
1 < Content-Length: 82
{
    "message": "Cadastro realizado com sucesso",
    "_id": "GdtSjPdUWCPrFd7E"
}

12:53:14.502 [pool-2-thread-4] DEBUG org.apache.http.impl.conn.PoolingHttpClientConnectionManager -- Connection manager shut down
12:53:14.502 [pool-2-thread-4] DEBUG com.intuit.karate -- response time in milliseconds: 713
1 < 201
1 < access-control-allow-origin: *
1 < x-dns-prefetch-control: off
1 < x-frame-options: SAMEORIGIN
1 < strict-transport-security: max-age=15552000; includeSubDomains
1 < x-download-options: noopen
1 < x-content-type-options: nosniff
1 < x-xss-protection: 1; mode=block
1 < content-type: application/json; charset=utf-8
1 < x-cloud-trace-context: ab371ba76ab4d29de91b51727925fb1f
1 < date: Thu, 27 Nov 2025 17:53:14 GMT
1 < server: Google Frontend
1 < Content-Length: 82
{
    "message": "Cadastro realizado com sucesso",
    "_id": "uq7x3xUdAQxdKlEZ"
}

12:53:14.511 [pool-2-thread-3] DEBUG org.apache.http.wire -- http-outgoing-2 << "HTTP/1.1 200 OK[\r][\n]"
12:53:14.511 [pool-2-thread-3] DEBUG org.apache.http.wire -- http-outgoing-2 << "access-control-allow-origin: *[\r][\n]"
12:53:14.511 [pool-2-thread-3] DEBUG org.apache.http.wire -- http-outgoing-2 << "x-dns-prefetch-control: off[\r][\n]"
12:53:14.511 [pool-2-thread-3] DEBUG org.apache.http.wire -- http-outgoing-2 << "x-frame-options: SAMEORIGIN[\r][\n]"
12:53:14.511 [pool-2-thread-3] DEBUG org.apache.http.wire -- http-outgoing-2 << "strict-transport-security: max-age=15552000; includeSubDomains[\r][\n]"
12:53:14.511 [pool-2-thread-3] DEBUG org.apache.http.wire -- http-outgoing-2 << "x-download-options: noopen[\r][\n]"
12:53:14.511 [pool-2-thread-3] DEBUG org.apache.http.wire -- http-outgoing-2 << "x-content-type-options: nosniff[\r][\n]"
12:53:14.511 [pool-2-thread-3] DEBUG org.apache.http.wire -- http-outgoing-2 << "x-xss-protection: 1; mode=block[\r][\n]"
12:53:14.511 [pool-2-thread-3] DEBUG org.apache.http.wire -- http-outgoing-2 << "content-type: application/json; charset=utf-8[\r][\n]"
12:53:14.511 [pool-2-thread-3] DEBUG org.apache.http.wire -- http-outgoing-2 << "x-cloud-trace-context: 58a5f61f95531379d90e4470972cc314[\r][\n]"
12:53:14.511 [pool-2-thread-3] DEBUG org.apache.http.wire -- http-outgoing-2 << "date: Thu, 27 Nov 2025 17:53:14 GMT[\r][\n]"
12:53:14.511 [pool-2-thread-3] DEBUG org.apache.http.wire -- http-outgoing-2 << "server: Google Frontend[\r][\n]"
12:53:14.511 [pool-2-thread-3] DEBUG org.apache.http.wire -- http-outgoing-2 << "Content-Length: 71581[\r][\n]"
12:53:14.511 [pool-2-thread-3] DEBUG org.apache.http.wire -- http-outgoing-2 << "[\r][\n]"
12:53:14.511 [pool-2-thread-3] DEBUG org.apache.http.wire -- http-outgoing-2 << "{[\n]"
12:53:14.511 [pool-2-thread-3] DEBUG org.apache.http.wire -- http-outgoing-2 << "    "quantidade": 324,[\n]"
12:53:14.511 [pool-2-thread-3] DEBUG org.apache.http.wire -- http-outgoing-2 << "    "usuarios": [[\n]"
12:53:14.511 [pool-2-thread-3] DEBUG org.apache.http.wire -- http-outgoing-2 << "        {[\n]"
12:53:14.513 [pool-2-thread-3] DEBUG org.apache.http.wire -- http-outgoing-2 << "            "nome": "Yuri",[\n]"
12:53:14.513 [pool-2-thread-3] DEBUG org.apache.http.wire -- http-outgoing-2 << "            "email": "emailteste@gmail.com",[\n]"
12:53:14.513 [pool-2-thread-3] DEBUG org.apache.http.wire -- http-outgoing-2 << "            "password": "1234",[\n]"
12:53:14.513 [pool-2-thread-3] DEBUG org.apache.http.wire -- http-outgoing-2 << "            "administrador": "true",[\n]"
12:53:14.513 [pool-2-thread-3] DEBUG org.apache.http.wire -- http-outgoing-2 << "            "_id": "01M5gbFKFEIESooU"[\n]"
12:53:14.513 [pool-2-thread-3] DEBUG org.apache.http.wire -- http-outgoing-2 << "        },[\n]"
12:53:14.513 [pool-2-thread-3] DEBUG org.apache.http.wire -- http-outgoing-2 << "        {[\n]"
12:53:14.513 [pool-2-thread-3] DEBUG org.apache.http.wire -- http-outgoing-2 << "            "nome": "Gutemberg da Silva",[\n]"
12:53:14.513 [pool-2-thread-3] DEBUG org.apache.http.wire -- http-outgoing-2 << "            "email": "teste0997@qa.com.br",[\n]"
12:53:14.513 [pool-2-thread-3] DEBUG org.apache.http.wire -- http-outgoing-2 << "            "password": "teste123",[\n]"
12:53:14.513 [pool-2-thread-3] DEBUG org.apache.http.wire -- http-outgoing-2 << "            "administrador": "true",[\n]"
12:53:14.513 [pool-2-thread-3] DEBUG org.apache.http.wire -- http-outgoing-2 << "            "_id": "04L6yxFrKwIHXxv8"[\n]"
12:53:14.513 [pool-2-thread-3] DEBUG org.apache.http.wire -- http-outgoing-2 << "        },[\n]"
12:53:14.513 [pool-2-thread-3] DEBUG org.apache.http.wire -- http-outgoing-2 << "        {[\n]"
12:53:14.513 [pool-2-thread-3] DEBUG org.apache.http.wire -- http-outgoing-2 << "            "nome": "Invalid Token User",[\n]"
12:53:14.513 [pool-2-thread-3] DEBUG org.apache.http.wire -- http-outgoing-2 << "            "email": "invalidauthtoken-1764262163-0000@example.com",[\n]"
12:53:14.513 [pool-2-thread-3] DEBUG org.apache.http.wire -- http-outgoing-2 << "            "password": "test123",[\n]"
12:53:14.513 [pool-2-thread-3] DEBUG org.apache.http.wire -- http-outgoing-2 << "            "administrador": "false",[\n]"
12:53:14.513 [pool-2-thread-3] DEBUG org.apache.http.wire -- http-outgoing-2 << "            "_id": "0GcUWwuVYncf3wcN"[\n]"
12:53:14.513 [pool-2-thread-3] DEBUG org.apache.http.wire -- http-outgoing-2 << "        },[\n]"
12:53:14.513 [pool-2-thread-3] DEBUG org.apache.http.wire -- http-outgoing-2 << "        {[\n]"
12:53:14.513 [pool-2-thread-3] DEBUG org.apache.http.wire -- http-outgoing-2 << "            "nome": "Fulano da Silva",[\n]"
12:53:14.513 [pool-2-thread-3] DEBUG org.apache.http.wire -- http-outgoing-2 << "            "email": "jeuliaaa09o6j@qa.com.br",[\n]"
12:53:14.513 [pool-2-thread-3] DEBUG org.apache.http.wire -- http-outgoing-2 << "            "password": "teste",[\n]"
12:53:14.513 [pool-2-thread-3] DEBUG org.apache.http.wire -- http-outgoing-2 << "            "administrador": "true",[\n]"
12:53:14.513 [pool-2-thread-3] DEBUG org.apache.http.wire -- http-outgoing-2 << "            "_id": "0gpGzaWmy5TRX4U2"[\n]"
12:53:14.513 [pool-2-thread-3] DEBUG org.apache.http.wire -- http-outgoing-2 << "        },[\n]"
12:53:14.513 [pool-2-thread-3] DEBUG org.apache.http.wire -- http-outgoing-2 << "        {[\n]"
12:53:14.513 [pool-2-thread-3] DEBUG org.apache.http.wire -- http-outgoing-2 << "            "nome": ""
12:53:14.514 [pool-2-thread-3] DEBUG org.apache.http.headers -- http-outgoing-2 << HTTP/1.1 200 OK
12:53:14.514 [pool-2-thread-3] DEBUG org.apache.http.headers -- http-outgoing-2 << access-control-allow-origin: *
12:53:14.514 [pool-2-thread-3] DEBUG org.apache.http.headers -- http-outgoing-2 << x-dns-prefetch-control: off
12:53:14.514 [pool-2-thread-3] DEBUG org.apache.http.headers -- http-outgoing-2 << x-frame-options: SAMEORIGIN
12:53:14.514 [pool-2-thread-3] DEBUG org.apache.http.headers -- http-outgoing-2 << strict-transport-security: max-age=15552000; includeSubDomains
12:53:14.514 [pool-2-thread-3] DEBUG org.apache.http.headers -- http-outgoing-2 << x-download-options: noopen
12:53:14.514 [pool-2-thread-3] DEBUG org.apache.http.headers -- http-outgoing-2 << x-content-type-options: nosniff
12:53:14.514 [pool-2-thread-3] DEBUG org.apache.http.headers -- http-outgoing-2 << x-xss-protection: 1; mode=block
12:53:14.514 [pool-2-thread-3] DEBUG org.apache.http.headers -- http-outgoing-2 << content-type: application/json; charset=utf-8
12:53:14.514 [pool-2-thread-3] DEBUG org.apache.http.headers -- http-outgoing-2 << x-cloud-trace-context: 58a5f61f95531379d90e4470972cc314
12:53:14.514 [pool-2-thread-3] DEBUG org.apache.http.headers -- http-outgoing-2 << date: Thu, 27 Nov 2025 17:53:14 GMT
12:53:14.514 [pool-2-thread-3] DEBUG org.apache.http.headers -- http-outgoing-2 << server: Google Frontend
12:53:14.514 [pool-2-thread-3] DEBUG org.apache.http.headers -- http-outgoing-2 << Content-Length: 71581
12:53:14.514 [pool-2-thread-3] DEBUG org.apache.http.impl.execchain.MainClientExec -- Connection can be kept alive indefinitely
12:53:14.515 [pool-2-thread-3] DEBUG org.apache.http.wire -- http-outgoing-2 << "Carolyn Casper",[\n]"
12:53:14.515 [pool-2-thread-3] DEBUG org.apache.http.wire -- http-outgoing-2 << "            "email": "erich.bayer@yahoo.com",[\n]"
12:53:14.515 [pool-2-thread-3] DEBUG org.apache.http.wire -- http-outgoing-2 << "            "password": "axy99j7bkqc9f5",[\n]"
12:53:14.515 [pool-2-thread-3] DEBUG org.apache.http.wire -- http-outgoing-2 << "            "administrador": "true",[\n]"
12:53:14.515 [pool-2-thread-3] DEBUG org.apache.http.wire -- http-outgoing-2 << "            "_id": "0jZQeCsfoRQFBzKK"[\n]"
12:53:14.515 [pool-2-thread-3] DEBUG org.apache.http.wire -- http-outgoing-2 << "        },[\n]"
12:53:14.515 [pool-2-thread-3] DEBUG org.apache.http.wire -- http-outgoing-2 << "        {[\n]"
12:53:14.515 [pool-2-thread-3] DEBUG org.apache.http.wire -- http-outgoing-2 << "            "nome": "Fulano da Silva",[\n]"
12:53:14.515 [pool-2-thread-3] DEBUG org.apache.http.wire -- http-outgoing-2 << "            "email": "fulano@qa.com",[\n]"
12:53:14.515 [pool-2-thread-3] DEBUG org.apache.http.wire -- http-outgoing-2 << "            "password": "teste",[\n]"
12:53:14.516 [pool-2-thread-3] DEBUG org.apache.http.wire -- http-outgoing-2 << "            "administrador": "true",[\n]"
12:53:14.516 [pool-2-thread-3] DEBUG org.apache.http.wire -- http-outgoing-2 << "            "_id": "0uxuPY0cbmQhpEz1"[\n]"
12:53:14.516 [pool-2-thread-3] DEBUG org.apache.http.wire -- http-outgoing-2 << "        },[\n]"
12:53:14.516 [pool-2-thread-3] DEBUG org.apache.http.wire -- http-outgoing-2 << "        {[\n]"
12:53:14.516 [pool-2-thread-3] DEBUG org.apache.http.wire -- http-outgoing-2 << "            "nome": "Carson Rempel",[\n]"
12:53:14.516 [pool-2-thread-3] DEBUG org.apache.http.wire -- http-outgoing-2 << "            "email": "chi.spinka@hotmail.com",[\n]"
12:53:14.516 [pool-2-thread-3] DEBUG org.apache.http.wire -- http-outgoing-2 << "            "password": "spp3e1xwplirc",[\n]"
12:53:14.516 [pool-2-thread-3] DEBUG org.apache.http.wire -- http-outgoing-2 << "            "administrador": "false",[\n]"
12:53:14.516 [pool-2-thread-3] DEBUG org.apache.http.wire -- http-outgoing-2 << "            "_id": "0zfPSRc9IdqKll88"[\n]"
12:53:14.516 [pool-2-thread-3] DEBUG org.apache.http.wire -- http-outgoing-2 << "        },[\n]"
12:53:14.516 [pool-2-thread-3] DEBUG org.apache.http.wire -- http-outgoing-2 << "        {[\n]"
12:53:14.516 [pool-2-thread-3] DEBUG org.apache.http.wire -- http-outgoing-2 << "            "nome": "Aleshia Ferry",[\n]"
12:53:14.516 [pool-2-thread-3] DEBUG org.apache.http.wire -- http-outgoing-2 << "            "email": "winston.wintheiser@gmail.com",[\n]"
12:53:14.516 [pool-2-thread-1] DEBUG com.jayway.jsonpath.internal.path.CompiledPath -- Evaluating path: $['message']
12:53:14.516 [pool-2-thread-2] DEBUG com.jayway.jsonpath.internal.path.CompiledPath -- Evaluating path: $['message']
12:53:14.516 [pool-2-thread-4] DEBUG com.jayway.jsonpath.internal.path.CompiledPath -- Evaluating path: $['message']
12:53:14.516 [pool-2-thread-3] DEBUG org.apache.http.wire -- http-outgoing-2 << "            "password": "0c7g0b3cqyeus35",[\n]"
12:53:14.516 [pool-2-thread-3] DEBUG org.apache.http.wire -- http-outgoing-2 << "            "administrador": "true",[\n]"
12:53:14.516 [pool-2-thread-3] DEBUG org.apache.http.wire -- http-outgoing-2 << "            "_id": "17c57BxDWd8jpAeY"[\n]"
12:53:14.516 [pool-2-thread-3] DEBUG org.apache.http.wire -- http-outgoing-2 << "        },[\n]"
12:53:14.516 [pool-2-thread-3] DEBUG org.apache.http.wire -- http-outgoing-2 << "        {[\n]"
12:53:14.516 [pool-2-thread-3] DEBUG org.apache.http.wire -- http-outgoing-2 << "            "nome": "Invalid Token User",[\n]"
12:53:14.516 [pool-2-thread-3] DEBUG org.apache.http.wire -- http-outgoing-2 << "            "email": "invalidauthtoken-1764265427-0000@example.com",[\n]"
12:53:14.516 [pool-2-thread-3] DEBUG org.apache.http.wire -- http-outgoing-2 << "            "password": "test123",[\n]"
12:53:14.516 [pool-2-thread-3] DEBUG org.apache.http.wire -- http-outgoing-2 << "            "adminis"
12:53:14.517 [pool-2-thread-3] DEBUG org.apache.http.wire -- http-outgoing-2 << "trador": "false",[\n]"
12:53:14.517 [pool-2-thread-3] DEBUG org.apache.http.wire -- http-outgoing-2 << "            "_id": "1FnGr7GZMaCh716r"[\n]"
12:53:14.517 [pool-2-thread-3] DEBUG org.apache.http.wire -- http-outgoing-2 << "        },[\n]"
12:53:14.517 [pool-2-thread-3] DEBUG org.apache.http.wire -- http-outgoing-2 << "        {[\n]"
12:53:14.517 [pool-2-thread-3] DEBUG org.apache.http.wire -- http-outgoing-2 << "            "nome": "Theo Wiza",[\n]"
12:53:14.517 [pool-2-thread-3] DEBUG org.apache.http.wire -- http-outgoing-2 << "            "email": "marion.schmidt@hotmail.com",[\n]"
12:53:14.517 [pool-2-thread-3] DEBUG org.apache.http.wire -- http-outgoing-2 << "            "password": "jgsuh7g20w9bj",[\n]"
12:53:14.517 [pool-2-thread-3] DEBUG org.apache.http.wire -- http-outgoing-2 << "            "administrador": "true",[\n]"
12:53:14.517 [pool-2-thread-3] DEBUG org.apache.http.wire -- http-outgoing-2 << "            "_id": "1UDxlZd9qI7QIjhf"[\n]"
12:53:14.517 [pool-2-thread-3] DEBUG org.apache.http.wire -- http-outgoing-2 << "        },[\n]"
12:53:14.517 [pool-2-thread-3] DEBUG org.apache.http.wire -- http-outgoing-2 << "        {[\n]"
12:53:14.517 [pool-2-thread-3] DEBUG org.apache.http.wire -- http-outgoing-2 << "            "nome": "Miriam Botsford",[\n]"
12:53:14.517 [pool-2-thread-3] DEBUG org.apache.http.wire -- http-outgoing-2 << "            "email": "Wallace40@hotmail.com",[\n]"
12:53:14.517 [pool-2-thread-3] DEBUG org.apache.http.wire -- http-outgoing-2 << " "
12:53:14.517 [pool-2-thread-3] DEBUG org.apache.http.wire -- http-outgoing-2 << "           "password": "evsUlA3JYmxb6o3",[\n]"
12:53:14.517 [pool-2-thread-3] DEBUG org.apache.http.wire -- http-outgoing-2 << "            "administrador": "true",[\n]"
12:53:14.518 [pool-2-thread-3] DEBUG org.apache.http.wire -- http-outgoing-2 << "            "_id": "1XTucXDJ5XCfj4JG"[\n]"
12:53:14.518 [pool-2-thread-3] DEBUG org.apache.http.wire -- http-outgoing-2 << "        },[\n]"
12:53:14.518 [pool-2-thread-3] DEBUG org.apache.http.wire -- http-outgoing-2 << "        {[\n]"
12:53:14.518 [pool-2-thread-3] DEBUG org.apache.http.wire -- http-outgoing-2 << "            "nome": "Dr. Lani Swaniawski",[\n]"
12:53:14.518 [pool-2-thread-3] DEBUG org.apache.http.wire -- http-outgoing-2 << "            "email": "jesus.mohr@hotmail.com",[\n]"
12:53:14.518 [pool-2-thread-3] DEBUG org.apache.http.wire -- http-outgoing-2 << "            "password": "s3z1klh8gjw",[\n]"
12:53:14.518 [pool-2-thread-3] DEBUG org.apache.http.wire -- http-outgoing-2 << "            "administrador": "true",[\n]"
12:53:14.518 [pool-2-thread-3] DEBUG org.apache.http.wire -- http-outgoing-2 << "            "_id": "1YvQovvJDOPTymNM"[\n]"
12:53:14.518 [pool-2-thread-3] DEBUG org.apache.http.wire -- http-outgoing-2 << "        },[\n]"
12:53:14.518 [pool-2-thread-3] DEBUG org.apache.http.wire -- http-outgoing-2 << "        {[\n]"
12:53:14.518 [pool-2-thread-3] DEBUG org.apache.http.wire -- http-outgoing-2 << "            "nome": "Elena Silva_848",[\n]"
12:53:14.518 [pool-2-thread-3] DEBUG org.apache.http.wire -- http-outgoing-2 << "            "email": "user8297@test.com",[\n]"
12:53:14.518 [pool-2-thread-3] DEBUG org.apache.http.wire -- http-outgoing-2 << "            "password": "1234",[\n]"
12:53:14.518 [pool-2-thread-3] DEBUG org.apache.http.wire -- http-outgoing-2 << "            "administrador": "true",[\n]"
12:53:14.518 [pool-2-thread-3] DEBUG org.apache.http.wire -- http-outgoing-2 << "            "_id": "1jmNGXN4kWG5ih2h"[\n]"
12:53:14.518 [pool-2-thread-3] DEBUG org.apache.http.wire -- http-outgoing-2 << "        },[\n]"
12:53:14.518 [pool-2-thread-3] DEBUG org.apache.http.wire -- http-outgoing-2 << "        {[\n]"
12:53:14.518 [pool-2-thread-3] DEBUG org.apache.http.wire -- http-outgoing-2 << "            "nome": "Fernando Oliveira",[\n]"
12:53:14.518 [pool-2-thread-3] DEBUG org.apache.http.wire -- http-outgoing-2 << "            "email": "esantos92@test.com",[\n]"
12:53:14.518 [pool-2-thread-3] DEBUG org.apache.http.wire -- http-outgoing-2 << "            "password": "1234",[\n]"
12:53:14.519 [pool-2-thread-3] DEBUG org.apache.http.wire -- http-outgoing-2 << "            "administrador": "true",[\n]"
12:53:14.519 [pool-2-thread-3] DEBUG org.apache.http.wire -- http-outgoing-2 << "            "_id": "1qFsC7jPgt3Pzg0c"[\n]"
12:53:14.519 [pool-2-thread-3] DEBUG org.apache.http.wire -- http-outgoing-2 << "        },[\n]"
12:53:14.519 [pool-2-thread-3] DEBUG org.apache.http.wire -- http-outgoing-2 << "        {[\n]"
12:53:14.519 [pool-2-thread-3] DEBUG org.apache.http.wire -- http-outgoing-2 << "            "nome": "Derick Connelly",[\n]"
12:53:14.519 [pool-2-thread-3] DEBUG org.apache.http.wire -- http-outgoing-2 << "            "email": "dario.bergstrom@gmail.com",[\n]"
12:53:14.519 [pool-2-thread-3] DEBUG org.apache.http.wire -- http-outgoing-2 << "            "password": "7rz2don6d",[\n]"
12:53:14.519 [pool-2-thread-3] DEBUG org.apache.http.wire -- http-outgoing-2 << "            "administrador": "true",[\n]"
12:53:14.519 [pool-2-thread-3] DEBUG org.apache.http.wire -- http-outgoing-2 << "            "_id": "1weTgMjlbKuGyoAA"[\n]"
12:53:14.519 [pool-2-thread-3] DEBUG org.apache.http.wire -- http-outgoing-2 << "        },[\n]"
12:53:14.519 [pool-2-thread-3] DEBUG org.apache.http.wire -- http-outgoing-2 << "        {[\n]"
12:53:14.519 [pool-2-thread-3] DEBUG org.apache.http.wire -- http-outgoing-2 << "            "nome""
12:53:14.519 [pool-2-thread-3] DEBUG org.apache.http.wire -- http-outgoing-2 << ": "Gail Becker",[\n]"
12:53:14.519 [pool-2-thread-3] DEBUG org.apache.http.wire -- http-outgoing-2 << "            "email": "theda.kihn@hotmail.com",[\n]"
12:53:14.519 [pool-2-thread-3] DEBUG org.apache.http.wire -- http-outgoing-2 << "            "password": "0b1vub8dt",[\n]"
12:53:14.519 [pool-2-thread-3] DEBUG org.apache.http.wire -- http-outgoing-2 << "            "administrador": "true",[\n]"
12:53:14.519 [pool-2-thread-3] DEBUG org.apache.http.wire -- http-outgoing-2 << "            "_id": "203940tBJ8c0NcaV"[\n]"
12:53:14.519 [pool-2-thread-3] DEBUG org.apache.http.wire -- http-outgoing-2 << "        },[\n]"
12:53:14.519 [pool-2-thread-3] DEBUG org.apache.http.wire -- http-outgoing-2 << "        {[\n]"
12:53:14.519 [pool-2-thread-3] DEBUG org.apache.http.wire -- http-outgoing-2 << "            "nome": "Houston",[\n]"
12:53:14.519 [pool-2-thread-3] DEBUG org.apache.http.wire -- http-outgoing-2 << "            "email": "Teresa_Bailey33@gmail.com",[\n]"
12:53:14.520 [pool-2-thread-3] DEBUG org.apache.http.wire -- http-outgoing-2 << "            "password": "Senha123!",[\n]"
12:53:14.520 [pool-2-thread-3] DEBUG org.apache.http.wire -- http-outgoing-2 << "            "administrador": "true",[\n]"
12:53:14.520 [pool-2-thread-3] DEBUG org.apache.http.wire -- http-outgoing-2 << "            "_id": "23jmNET3mJMW"
12:53:14.520 [pool-2-thread-3] DEBUG org.apache.http.wire -- http-outgoing-2 << "axqG"[\n]"
12:53:14.520 [pool-2-thread-3] DEBUG org.apache.http.wire -- http-outgoing-2 << "        },[\n]"
12:53:14.520 [pool-2-thread-3] DEBUG org.apache.http.wire -- http-outgoing-2 << "        {[\n]"
12:53:14.520 [pool-2-thread-3] DEBUG org.apache.http.wire -- http-outgoing-2 << "            "nome": "Test User",[\n]"
12:53:14.520 [pool-2-thread-3] DEBUG org.apache.http.wire -- http-outgoing-2 << "            "email": "serverest_user_1764250947824@test.com",[\n]"
12:53:14.520 [pool-2-thread-3] DEBUG org.apache.http.wire -- http-outgoing-2 << "            "password": "P@ssword123",[\n]"
12:53:14.520 [pool-2-thread-3] DEBUG org.apache.http.wire -- http-outgoing-2 << "            "administrador": "false",[\n]"
12:53:14.520 [pool-2-thread-3] DEBUG org.apache.http.wire -- http-outgoing-2 << "            "_id": "27CFD9F3VPZ8OJMZ"[\n]"
12:53:14.520 [pool-2-thread-3] DEBUG org.apache.http.wire -- http-outgoing-2 << "        },[\n]"
12:53:14.520 [pool-2-thread-3] DEBUG org.apache.http.wire -- http-outgoing-2 << "        {[\n]"
12:53:14.520 [pool-2-thread-3] DEBUG org.apache.http.wire -- http-outgoing-2 << "            "nome": "Ron Bode",[\n]"
12:53:14.520 [pool-2-thread-3] DEBUG org.apache.http.wire -- http-outgoing-2 << "            "email": "ingeborg.collier"
12:53:14.520 [pool-2-thread-3] DEBUG org.apache.http.wire -- http-outgoing-2 << "@hotmail.com",[\n]"
12:53:14.520 [pool-2-thread-3] DEBUG org.apache.http.wire -- http-outgoing-2 << "            "password": "h3winqet3jmnub",[\n]"
12:53:14.520 [pool-2-thread-3] DEBUG org.apache.http.wire -- http-outgoing-2 << "            "administrador": "true",[\n]"
12:53:14.520 [pool-2-thread-3] DEBUG org.apache.http.wire -- http-outgoing-2 << "            "_id": "2Hqz0jt8ws8rJpH0"[\n]"
12:53:14.520 [pool-2-thread-3] DEBUG org.apache.http.wire -- http-outgoing-2 << "        },[\n]"
12:53:14.520 [pool-2-thread-3] DEBUG org.apache.http.wire -- http-outgoing-2 << "        {[\n]"
12:53:14.520 [pool-2-thread-3] DEBUG org.apache.http.wire -- http-outgoing-2 << "            "nome": "Elva",[\n]"
12:53:14.520 [pool-2-thread-3] DEBUG org.apache.http.wire -- http-outgoing-2 << "            "email": "Mikayla76@gmail.com",[\n]"
12:53:14.521 [pool-2-thread-3] DEBUG org.apache.http.wire -- http-outgoing-2 << "            "password": "Senha123!",[\n]"
12:53:14.522 [pool-2-thread-3] DEBUG org.apache.http.wire -- http-outgoing-2 << "            "administrador": "false",[\n]"
12:53:14.522 [pool-2-thread-3] DEBUG org.apache.http.wire -- http-outgoing-2 << "            "_id": "2dG1arQl1M5dEZe1"[\n]"
12:53:14.522 [pool-2-thread-3] DEBUG org.apache.http.wire -- http-outgoing-2 << "        },[\n]"
12:53:14.522 [pool-2-thread-3] DEBUG org.apache.http.wire -- http-outgoing-2 << "        {[\n]"
12:53:14.522 [pool-2-thread-3] DEBUG org.apache.http.wire -- http-outgoing-2 << "            "nome": "Ana Pereira",[\n]"
12:53:14.522 [pool-2-thread-3] DEBUG org.apache.http.wire -- http-outgoing-2 << "            "email": "APereira468@test.com",[\n]"
12:53:14.522 [pool-2-thread-3] DEBUG org.apache.http.wire -- http-outgoing-2 << "            "password": "1234",[\n]"
12:53:14.522 [pool-2-thread-3] DEBUG org.apache.http.wire -- http-outgoing-2 << "            "administrador": "true",[\n]"
12:53:14.522 [pool-2-thread-3] DEBUG org.apache.http.wire -- http-outgoing-2 << "            "_id": "2pnZIEpFV69hgWZf"[\n]"
12:53:14.522 [pool-2-thread-3] DEBUG org.apache.http.wire -- http-outgoing-2 << "        },[\n]"
12:53:14.522 [pool-2-thread-3] DEBUG org.apache.http.wire -- http-outgoing-2 << "        {[\n]"
12:53:14.522 [pool-2-thread-3] DEBUG org.apache.http.wire -- http-outgoing-2 << "            "nome": "vinicius siqueira 12",[\n]"
12:53:14.522 [pool-2-thread-3] DEBUG org.apache.http.wire -- http-outgoing-2 << "            "email": "vinisiqueira12546212321303030@gmail.com",[\n]"
12:53:14.522 [pool-2-thread-3] DEBUG org.apache.http.wire -- http-outgoing-2 << "            "password": "@VjCs100010873#",[\n]"
12:53:14.522 [pool-2-thread-3] DEBUG org.apache.http.wire -- http-outgoing-2 << "            "administrador": "true",[\n]"
12:53:14.522 [pool-2-thread-3] DEBUG org.apache.http.wire -- http-outgoing-2 << "            "_id": "2wycW5qeqcIqOmmS"[\n]"
12:53:14.522 [pool-2-thread-3] DEBUG org.apache.http.wire -- http-outgoing-2 << "        },[\n]"
12:53:14.522 [pool-2-thread-3] DEBUG org.apache.http.wire -- http-outgoing-2 << "        {[\n]"
12:53:14.522 [pool-2-thread-3] DEBUG org.apache.http.wire -- http-outgoing-2 << "            "nome": "Rodger Brown",[\n]"
12:53:14.523 [pool-2-thread-3] DEBUG org.apache.http.wire -- http-outgoing-2 << "            "email": "curt.bartoletti@gmail.com",[\n]"
12:53:14.523 [pool-2-thread-3] DEBUG org.apache.http.wire -- http-outgoing-2 << "            "password": "kjaujpjvnflhm",[\n]"
12:53:14.523 [pool-2-thread-3] DEBUG org.apache.http.wire -- http-outgoing-2 << "            "administrador": "true",[\n]"
12:53:14.523 [pool-2-thread-3] DEBUG org.apache.http.wire -- http-outgoing-2 << "            "_id": "36z8duz5GwlYvxqu"[\n]"
12:53:14.523 [pool-2-thread-3] DEBUG org.apache.http.wire -- http-outgoing-2 << "        "
12:53:14.523 [pool-2-thread-3] DEBUG org.apache.http.wire -- http-outgoing-2 << "},[\n]"
12:53:14.523 [pool-2-thread-3] DEBUG org.apache.http.wire -- http-outgoing-2 << "        {[\n]"
12:53:14.523 [pool-2-thread-3] DEBUG org.apache.http.wire -- http-outgoing-2 << "            "nome": "Cornell Green",[\n]"
12:53:14.523 [pool-2-thread-3] DEBUG org.apache.http.wire -- http-outgoing-2 << "            "email": "caroline.dibbert@gmail.com",[\n]"
12:53:14.523 [pool-2-thread-3] DEBUG org.apache.http.wire -- http-outgoing-2 << "            "password": "g8pr9t229b",[\n]"
12:53:14.523 [pool-2-thread-3] DEBUG org.apache.http.wire -- http-outgoing-2 << "            "administrador": "true",[\n]"
12:53:14.523 [pool-2-thread-3] DEBUG org.apache.http.wire -- http-outgoing-2 << "            "_id": "3NYACSA1xNfWFCFY"[\n]"
12:53:14.523 [pool-2-thread-3] DEBUG org.apache.http.wire -- http-outgoing-2 << "        },[\n]"
12:53:14.523 [pool-2-thread-3] DEBUG org.apache.http.wire -- http-outgoing-2 << "        {[\n]"
12:53:14.523 [pool-2-thread-3] DEBUG org.apache.http.wire -- http-outgoing-2 << "            "nome": "Logan Mitchell",[\n]"
12:53:14.523 [pool-2-thread-3] DEBUG org.apache.http.wire -- http-outgoing-2 << "            "email": "drusilla.cruickshank@hotmail.com",[\n]"
12:53:14.523 [pool-2-thread-3] DEBUG org.apache.http.wire -- http-outgoing-2 << "            "password": "qzbpm2kj70",[\n]"
12:53:14.523 [pool-2-thread-3] DEBUG org.apache.http.wire -- http-outgoing-2 << "            "adm"
12:53:14.523 [pool-2-thread-3] DEBUG org.apache.http.wire -- http-outgoing-2 << "inistrador": "true",[\n]"
12:53:14.524 [pool-2-thread-3] DEBUG org.apache.http.wire -- http-outgoing-2 << "            "_id": "3i53162x3BrRdg4e"[\n]"
12:53:14.524 [pool-2-thread-3] DEBUG org.apache.http.wire -- http-outgoing-2 << "        },[\n]"
12:53:14.524 [pool-2-thread-3] DEBUG org.apache.http.wire -- http-outgoing-2 << "        {[\n]"
12:53:14.524 [pool-2-thread-3] DEBUG org.apache.http.wire -- http-outgoing-2 << "            "nome": "juliana",[\n]"
12:53:14.524 [pool-2-thread-3] DEBUG org.apache.http.wire -- http-outgoing-2 << "            "email": "julianamunhoz@outlook.com",[\n]"
12:53:14.524 [pool-2-thread-3] DEBUG org.apache.http.wire -- http-outgoing-2 << "            "password": "123",[\n]"
12:53:14.524 [pool-2-thread-3] DEBUG org.apache.http.wire -- http-outgoing-2 << "            "administrador": "false",[\n]"
12:53:14.524 [pool-2-thread-3] DEBUG org.apache.http.wire -- http-outgoing-2 << "            "_id": "3o8gGYBdn9b2CGrD"[\n]"
12:53:14.524 [pool-2-thread-3] DEBUG org.apache.http.wire -- http-outgoing-2 << "        },[\n]"
12:53:14.524 [pool-2-thread-3] DEBUG org.apache.http.wire -- http-outgoing-2 << "        {[\n]"
12:53:14.524 [pool-2-thread-3] DEBUG org.apache.http.wire -- http-outgoing-2 << "            "nome": "Fernando Costa",[\n]"
12:53:14.524 [pool-2-thread-3] DEBUG org.apache.http.wire -- http-outgoing-2 << "            "email": "FCosta5@test.com",[\n]"
12:53:14.524 [pool-2-thread-3] DEBUG org.apache.http.wire -- http-outgoing-2 << "            "password": "1234",[\n]"
12:53:14.524 [pool-2-thread-3] DEBUG org.apache.http.wire -- http-outgoing-2 << "            "administrador": "true",[\n]"
12:53:14.524 [pool-2-thread-3] DEBUG org.apache.http.wire -- http-outgoing-2 << "            "_id": "3o8kq0Hb1XJqLeh4"[\n]"
12:53:14.524 [pool-2-thread-3] DEBUG org.apache.http.wire -- http-outgoing-2 << "        },[\n]"
12:53:14.524 [pool-2-thread-3] DEBUG org.apache.http.wire -- http-outgoing-2 << "        {[\n]"
12:53:14.524 [pool-2-thread-3] DEBUG org.apache.http.wire -- http-outgoing-2 << "            "nome": "Alfred Lemke",[\n]"
12:53:14.524 [pool-2-thread-3] DEBUG org.apache.http.wire -- http-outgoing-2 << "            "email": "cathie.sawayn@hotmail.com",[\n]"
12:53:14.525 [pool-2-thread-3] DEBUG org.apache.http.wire -- http-outgoing-2 << "            "password": "gttm843qk97n",[\n]"
12:53:14.525 [pool-2-thread-3] DEBUG org.apache.http.wire -- http-outgoing-2 << "            "administrador": "true",[\n]"
12:53:14.525 [pool-2-thread-3] DEBUG org.apache.http.wire -- http-outgoing-2 << "            "_id": "3pCfYAG72pNaWRfz"[\n]"
12:53:14.525 [pool-2-thread-3] DEBUG org.apache.http.wire -- http-outgoing-2 << "        },[\n]"
12:53:14.525 [pool-2-thread-3] DEBUG org.apache.http.wire -- http-outgoing-2 << "        {[\n]"
12:53:14.525 [pool-2-thread-3] DEBUG org.apache.http.wire -- http-outgoing-2 << "            "nome": "Merl55",[\n]"
12:53:14.525 [pool-2-thread-3] DEBUG org.apache.http.wire -- http-outgoing-2 << "            "email": "Emerald22@gmail.com",[\n]"
12:53:14.525 [pool-2-thread-3] DEBUG org.apache.http.wire -- http-outgoing-2 << "            "password": "091155228",[\n]"
12:53:14.525 [pool-2-thread-3] DEBUG org.apache.http.wire -- http-outgoing-2 << "            "administrador": "true",[\n]"
12:53:14.525 [pool-2-thread-3] DEBUG org.apache.http.wire -- http-outgoing-2 << "            "_id": "42dSgpn4ciDXpO4Y"[\n]"
12:53:14.525 [pool-2-thread-3] DEBUG org.apache.http.wire -- http-outgoing-2 << "        },[\n]"
12:53:14.525 [pool-2-thread-3] DEBUG org.apache.http.wire -- http-outgoing-2 << "        {[\n]"
12:53:14.525 [pool-2-thread-3] DEBUG org.apache.http.wire -- http-outgoing-2 << "            "nome": "Courtney Smith",[\n]"
12:53:14.525 [pool-2-thread-3] DEBUG org.apache.http.wire -- http-outgoing-2 << "            "email": "courtneysmith@test.com",[\n]"
12:53:14.525 [pool-2-thread-3] DEBUG org.apache.http.wire -- http-outgoing-2 << "            "p"
12:53:14.525 [pool-2-thread-3] DEBUG org.apache.http.wire -- http-outgoing-2 << "assword": "Test;123",[\n]"
12:53:14.525 [pool-2-thread-3] DEBUG org.apache.http.wire -- http-outgoing-2 << "            "administrador": "true",[\n]"
12:53:14.525 [pool-2-thread-3] DEBUG org.apache.http.wire -- http-outgoing-2 << "            "_id": "45ixAymKva0NPk5p"[\n]"
12:53:14.525 [pool-2-thread-3] DEBUG org.apache.http.wire -- http-outgoing-2 << "        },[\n]"
12:53:14.525 [pool-2-thread-3] DEBUG org.apache.http.wire -- http-outgoing-2 << "        {[\n]"
12:53:14.525 [pool-2-thread-3] DEBUG org.apache.http.wire -- http-outgoing-2 << "            "nome": "Shana",[\n]"
12:53:14.526 [pool-2-thread-3] DEBUG org.apache.http.wire -- http-outgoing-2 << "            "email": "Alberto.Dicki8@gmail.com",[\n]"
12:53:14.526 [pool-2-thread-3] DEBUG org.apache.http.wire -- http-outgoing-2 << "            "password": "Senha123!",[\n]"
12:53:14.526 [pool-2-thread-3] DEBUG org.apache.http.wire -- http-outgoing-2 << "            "administrador": "true",[\n]"
12:53:14.526 [pool-2-thread-3] DEBUG org.apache.http.wire -- http-outgoing-2 << "            "_id": "4OghN8szHrWCClFY"[\n]"
12:53:14.526 [pool-2-thread-3] DEBUG org.apache.http.wire -- http-outgoing-2 << "        },[\n]"
12:53:14.526 [pool-2-thread-3] DEBUG org.apache.http.wire -- http-outgoing-2 << "        {[\n]"
12:53:14.526 [pool-2-thread-3] DEBUG org.apache.http.wire -- http-outgoing-2 << "            "nome": "Noble_Wilkinson",[\n]"
12:53:14.526 [pool-2-thread-3] DEBUG org.apache.http.wire -- http-outgoing-2 << "            "ema"
12:53:14.526 [pool-2-thread-3] DEBUG org.apache.http.wire -- http-outgoing-2 << "il": "Doyle24@hotmail.com",[\n]"
12:53:14.526 [pool-2-thread-3] DEBUG org.apache.http.wire -- http-outgoing-2 << "            "password": "319950765",[\n]"
12:53:14.526 [pool-2-thread-3] DEBUG org.apache.http.wire -- http-outgoing-2 << "            "administrador": "true",[\n]"
12:53:14.526 [pool-2-thread-3] DEBUG org.apache.http.wire -- http-outgoing-2 << "            "_id": "4Yfafdu7fLJXJ2QG"[\n]"
12:53:14.526 [pool-2-thread-3] DEBUG org.apache.http.wire -- http-outgoing-2 << "        },[\n]"
12:53:14.526 [pool-2-thread-3] DEBUG org.apache.http.wire -- http-outgoing-2 << "        {[\n]"
12:53:14.526 [pool-2-thread-3] DEBUG org.apache.http.wire -- http-outgoing-2 << "            "nome": "Loni Russel I",[\n]"
12:53:14.526 [pool-2-thread-3] DEBUG org.apache.http.wire -- http-outgoing-2 << "            "email": "shayna.lang@hotmail.com",[\n]"
12:53:14.526 [pool-2-thread-3] DEBUG org.apache.http.wire -- http-outgoing-2 << "            "password": "f7gr1d3z8nvg8",[\n]"
12:53:14.527 [pool-2-thread-3] DEBUG org.apache.http.wire -- http-outgoing-2 << "            "administrador": "true",[\n]"
12:53:14.527 [pool-2-thread-3] DEBUG org.apache.http.wire -- http-outgoing-2 << "            "_id": "4gDzZ0M0XLGZhGzv"[\n]"
12:53:14.527 [pool-2-thread-3] DEBUG org.apache.http.wire -- http-outgoing-2 << "        },[\n]"
12:53:14.527 [pool-2-thread-3] DEBUG org.apache.http.wire -- http-outgoing-2 << "        {[\n]"
12:53:14.527 [pool-2-thread-3] DEBUG org.apache.http.wire -- http-outgoing-2 << "            "nome": "Terisa Bins",[\n]"
12:53:14.527 [pool-2-thread-3] DEBUG org.apache.http.wire -- http-outgoing-2 << "            "email": "barry.vandervort@hotmail.com",[\n]"
12:53:14.527 [pool-2-thread-3] DEBUG org.apache.http.wire -- http-outgoing-2 << "            "password": "i7befkvrujbo",[\n]"
12:53:14.527 [pool-2-thread-3] DEBUG org.apache.http.wire -- http-outgoing-2 << "            "administrador": "true",[\n]"
12:53:14.527 [pool-2-thread-3] DEBUG org.apache.http.wire -- http-outgoing-2 << "            "_id": "4kfBwbnXYzrGIHK9"[\n]"
12:53:14.527 [pool-2-thread-3] DEBUG org.apache.http.wire -- http-outgoing-2 << "        },[\n]"
12:53:14.527 [pool-2-thread-3] DEBUG org.apache.http.wire -- http-outgoing-2 << "        {[\n]"
12:53:14.527 [pool-2-thread-3] DEBUG org.apache.http.wire -- http-outgoing-2 << "            "nome": "Millicent Dibbert V",[\n]"
12:53:14.527 [pool-2-thread-3] DEBUG org.apache.http.wire -- http-outgoing-2 << "            "email": "irene.kovacek@yahoo.com",[\n]"
12:53:14.527 [pool-2-thread-3] DEBUG org.apache.http.wire -- http-outgoing-2 << "            "password": "mvruirypxe60vx",[\n]"
12:53:14.527 [pool-2-thread-3] DEBUG org.apache.http.wire -- http-outgoing-2 << "            "administrador": "true",[\n]"
12:53:14.527 [pool-2-thread-3] DEBUG org.apache.http.wire -- http-outgoing-2 << "            "_id": "5BiynUBFqhn7Ttnm"[\n]"
12:53:14.527 [pool-2-thread-3] DEBUG org.apache.http.wire -- http-outgoing-2 << "        },[\n]"
12:53:14.527 [pool-2-thread-3] DEBUG org.apache.http.wire -- http-outgoing-2 << "        {[\n]"
12:53:14.527 [pool-2-thread-3] DEBUG org.apache.http.wire -- http-outgoing-2 << "            "nome": "Many da Lume",[\n]"
12:53:14.527 [pool-2-thread-3] DEBUG org.apache.http.wire -- http-outgoing-2 << "            "email": "many@qa.com.br",[\n]"
[...]
[THYMELEAF]             * [* {th:charset,data-th-charset}] [1000]: org.thymeleaf.standard.processor.StandardRemovableAttributeTagProcessor
[THYMELEAF]             * [* {th:challenge,data-th-challenge}] [1000]: org.thymeleaf.standard.processor.StandardRemovableAttributeTagProcessor
[THYMELEAF]             * [* {th:codebase,data-th-codebase}] [1000]: org.thymeleaf.standard.processor.StandardRemovableAttributeTagProcessor
[THYMELEAF]             * [* {th:archive,data-th-archive}] [1000]: org.thymeleaf.standard.processor.StandardRemovableAttributeTagProcessor
[THYMELEAF]             * [* {th:standby,data-th-standby}] [1000]: org.thymeleaf.standard.processor.StandardRemovableAttributeTagProcessor
[THYMELEAF]             * [* {th:bgcolor,data-th-bgcolor}] [1000]: org.thymeleaf.standard.processor.StandardRemovableAttributeTagProcessor
[THYMELEAF]             * [* {th:media,data-th-media}] [1000]: org.thymeleaf.standard.processor.StandardRemovableAttributeTagProcessor
[THYMELEAF]             * [* {th:codetype,data-th-codetype}] [1000]: org.thymeleaf.standard.processor.StandardRemovableAttributeTagProcessor
[THYMELEAF]             * [* {th:wrap,data-th-wrap}] [1000]: org.thymeleaf.standard.processor.StandardRemovableAttributeTagProcessor
[THYMELEAF]             * [* {th:border,data-th-border}] [1000]: org.thymeleaf.standard.processor.StandardRemovableAttributeTagProcessor
[THYMELEAF]             * [* {th:span,data-th-span}] [1000]: org.thymeleaf.standard.processor.StandardRemovableAttributeTagProcessor
[THYMELEAF]             * [* {th:radiogroup,data-th-radiogroup}] [1000]: org.thymeleaf.standard.processor.StandardRemovableAttributeTagProcessor
[THYMELEAF]             * [* {th:dropzone,data-th-dropzone}] [1000]: org.thymeleaf.standard.processor.StandardRemovableAttributeTagProcessor
[THYMELEAF]             * [* {th:sandbox,data-th-sandbox}] [1000]: org.thymeleaf.standard.processor.StandardRemovableAttributeTagProcessor
[THYMELEAF]             * [* {th:preload,data-th-preload}] [1000]: org.thymeleaf.standard.processor.StandardRemovableAttributeTagProcessor
[THYMELEAF]             * [* {th:abbr,data-th-abbr}] [1000]: org.thymeleaf.standard.processor.StandardRemovableAttributeTagProcessor
[THYMELEAF]             * [* {th:accept-charset,data-th-accept-charset}] [1000]: org.thymeleaf.standard.processor.StandardRemovableAttributeTagProcessor
[THYMELEAF]             * [* {th:target,data-th-target}] [1000]: org.thymeleaf.standard.processor.StandardRemovableAttributeTagProcessor
[THYMELEAF]             * [* {th:manifest,data-th-manifest}] [1000]: org.thymeleaf.standard.processor.StandardRemovableAttributeTagProcessor
[THYMELEAF]             * [* {th:cite,data-th-cite}] [1000]: org.thymeleaf.standard.processor.StandardRemovableAttributeTagProcessor
[THYMELEAF]             * [* {th:classid,data-th-classid}] [1000]: org.thymeleaf.standard.processor.StandardRemovableAttributeTagProcessor
[THYMELEAF]             * [* {th:align,data-th-align}] [1000]: org.thymeleaf.standard.processor.StandardRemovableAttributeTagProcessor
[THYMELEAF]             * [* {th:pattern,data-th-pattern}] [1000]: org.thymeleaf.standard.processor.StandardRemovableAttributeTagProcessor
[THYMELEAF]             * [* {th:size,data-th-size}] [1000]: org.thymeleaf.standard.processor.StandardRemovableAttributeTagProcessor
[THYMELEAF]             * [* {th:cellspacing,data-th-cellspacing}] [1000]: org.thymeleaf.standard.processor.StandardRemovableAttributeTagProcessor
[THYMELEAF]             * [* {th:spellcheck,data-th-spellcheck}] [1000]: org.thymeleaf.standard.processor.StandardRemovableAttributeTagProcessor
[THYMELEAF]             * [* {th:formenctype,data-th-formenctype}] [1000]: org.thymeleaf.standard.processor.StandardRemovableAttributeTagProcessor
[THYMELEAF]             * [* {th:frameborder,data-th-frameborder}] [1000]: org.thymeleaf.standard.processor.StandardRemovableAttributeTagProcessor
[THYMELEAF]             * [* {th:axis,data-th-axis}] [1000]: org.thymeleaf.standard.processor.StandardRemovableAttributeTagProcessor
[THYMELEAF]             * [* {th:formmethod,data-th-formmethod}] [1000]: org.thymeleaf.standard.processor.StandardRemovableAttributeTagProcessor
[THYMELEAF]             * [* {th:formtarget,data-th-formtarget}] [1000]: org.thymeleaf.standard.processor.StandardRemovableAttributeTagProcessor
[THYMELEAF]             * [* {th:valuetype,data-th-valuetype}] [1000]: org.thymeleaf.standard.processor.StandardRemovableAttributeTagProcessor
[THYMELEAF]             * [* {th:high,data-th-high}] [1000]: org.thymeleaf.standard.processor.StandardRemovableAttributeTagProcessor
[THYMELEAF]             * [* {th:lang,data-th-lang}] [1000]: org.thymeleaf.standard.processor.StandardRemovableAttributeTagProcessor
[THYMELEAF]             * [* {th:summary,data-th-summary}] [1000]: org.thymeleaf.standard.processor.StandardRemovableAttributeTagProcessor
[THYMELEAF]             * [* {th:hspace,data-th-hspace}] [1000]: org.thymeleaf.standard.processor.StandardRemovableAttributeTagProcessor
[THYMELEAF]             * [* {th:formaction,data-th-formaction}] [1000]: org.thymeleaf.standard.processor.StandardRemovableAttributeTagProcessor
[THYMELEAF]             * [* {th:keytype,data-th-keytype}] [1000]: org.thymeleaf.standard.processor.StandardRemovableAttributeTagProcessor
[THYMELEAF]             * [* {th:dir,data-th-dir}] [1000]: org.thymeleaf.standard.processor.StandardRemovableAttributeTagProcessor
[THYMELEAF]             * [* {th:src,data-th-src}] [1000]: org.thymeleaf.standard.processor.StandardSrcTagProcessor
[THYMELEAF]             * [* {th:value,data-th-value}] [1000]: org.thymeleaf.standard.processor.StandardValueTagProcessor
[THYMELEAF]             * [* {th:xmlbase,data-th-xmlbase}] [1000]: org.thymeleaf.standard.processor.StandardXmlBaseTagProcessor
[THYMELEAF]             * [* {th:xmllang,data-th-xmllang}] [1000]: org.thymeleaf.standard.processor.StandardXmlLangTagProcessor
[THYMELEAF]             * [* {xmlns:th}] [1000]: org.thymeleaf.standard.processor.StandardXmlNsTagProcessor
[THYMELEAF]             * [* {th:xmlspace,data-th-xmlspace}] [1000]: org.thymeleaf.standard.processor.StandardXmlSpaceTagProcessor
[THYMELEAF]             * [* {th:classappend,data-th-classappend}] [1100]: org.thymeleaf.standard.processor.StandardClassappendTagProcessor
[THYMELEAF]             * [* {th:styleappend,data-th-styleappend}] [1100]: org.thymeleaf.standard.processor.StandardStyleappendTagProcessor
[THYMELEAF]             * [* {th:text,data-th-text}] [1300]: org.thymeleaf.standard.processor.StandardTextTagProcessor
[THYMELEAF]             * [* {th:utext,data-th-utext}] [1400]: org.thymeleaf.standard.processor.StandardUtextTagProcessor
[THYMELEAF]             * [* {th:fragment,data-th-fragment}] [1500]: org.thymeleaf.standard.processor.StandardFragmentTagProcessor
[THYMELEAF]             * [* {th:assert,data-th-assert}] [1550]: org.thymeleaf.standard.processor.StandardAssertTagProcessor
[THYMELEAF]             * [* {th:remove,data-th-remove}] [1600]: org.thymeleaf.standard.processor.StandardRemoveTagProcessor
[THYMELEAF]             * [* {th:ref,data-th-ref}] [10000]: org.thymeleaf.standard.processor.StandardRefAttributeTagProcessor
[THYMELEAF]             * [{th:block,th-block} *] [100000]: org.thymeleaf.standard.processor.StandardBlockTagProcessor
[THYMELEAF]             * [* th:*] [2147483647]: org.thymeleaf.standard.processor.StandardDefaultAttributesTagProcessor
[THYMELEAF]         * Text Processors by [precedence]:
[THYMELEAF]             * [1000]: org.thymeleaf.standard.processor.StandardInliningTextProcessor
[THYMELEAF]         * DOCTYPE Processors by [precedence]:
[THYMELEAF]             * [1000]: org.thymeleaf.standard.processor.StandardTranslationDocTypeProcessor
[THYMELEAF]         * CDATA Section Processors by [precedence]:
[THYMELEAF]             * [1000]: org.thymeleaf.standard.processor.StandardInliningCDATASectionProcessor
[THYMELEAF]         * Comment Processors by [precedence]:
[THYMELEAF]             * [1000]: org.thymeleaf.standard.processor.StandardInliningCommentProcessor
[THYMELEAF]             * [1100]: org.thymeleaf.standard.processor.StandardConditionalCommentProcessor
[THYMELEAF]     * Processors for Template Mode: XML
[THYMELEAF]         * Element Tag Processors by [matching element and attribute name] [precedence]:
[THYMELEAF]             * [* {th:include}] [100]: org.thymeleaf.standard.processor.StandardIncludeTagProcessor
[THYMELEAF]             * [* {th:insert}] [100]: org.thymeleaf.standard.processor.StandardInsertTagProcessor
[THYMELEAF]             * [* {th:replace}] [100]: org.thymeleaf.standard.processor.StandardReplaceTagProcessor
[THYMELEAF]             * [* {th:each}] [200]: com.intuit.karate.template.KarateEachTagProcessor
[THYMELEAF]             * [* {th:switch}] [250]: org.thymeleaf.standard.processor.StandardSwitchTagProcessor
[THYMELEAF]             * [* {th:case}] [275]: org.thymeleaf.standard.processor.StandardCaseTagProcessor
[THYMELEAF]             * [* {th:if}] [300]: org.thymeleaf.standard.processor.StandardIfTagProcessor
[THYMELEAF]             * [* {th:unless}] [400]: org.thymeleaf.standard.processor.StandardUnlessTagProcessor
[THYMELEAF]             * [* {th:object}] [500]: org.thymeleaf.standard.processor.StandardObjectTagProcessor
[THYMELEAF]             * [* {th:with}] [600]: com.intuit.karate.template.KarateWithTagProcessor
[THYMELEAF]             * [* {th:attr}] [700]: com.intuit.karate.template.KarateAttributeTagProcessor.KarateAttrTagProcessor
[THYMELEAF]             * [* {th:attrappend}] [900]: com.intuit.karate.template.KarateAttributeTagProcessor.KarateAttrappendTagProcessor
[THYMELEAF]             * [* {th:attrprepend}] [900]: com.intuit.karate.template.KarateAttributeTagProcessor.KarateAttrprependTagProcessor
[THYMELEAF]             * [* {th:inline}] [1000]: org.thymeleaf.standard.processor.StandardInlineXMLTagProcessor
[THYMELEAF]             * [* {xmlns:th}] [1000]: org.thymeleaf.standard.processor.StandardXmlNsTagProcessor
[THYMELEAF]             * [* {th:text}] [1300]: org.thymeleaf.standard.processor.StandardTextTagProcessor
[THYMELEAF]             * [* {th:utext}] [1400]: org.thymeleaf.standard.processor.StandardUtextTagProcessor
[THYMELEAF]             * [* {th:fragment}] [1500]: org.thymeleaf.standard.processor.StandardFragmentTagProcessor
[THYMELEAF]             * [* {th:assert}] [1550]: org.thymeleaf.standard.processor.StandardAssertTagProcessor
[THYMELEAF]             * [* {th:remove}] [1600]: org.thymeleaf.standard.processor.StandardRemoveTagProcessor
[THYMELEAF]             * [* {th:ref}] [10000]: org.thymeleaf.standard.processor.StandardRefAttributeTagProcessor
[THYMELEAF]             * [{th:block} *] [100000]: org.thymeleaf.standard.processor.StandardBlockTagProcessor
[THYMELEAF]             * [* th:*] [2147483647]: org.thymeleaf.standard.processor.StandardDefaultAttributesTagProcessor
[THYMELEAF]         * Text Processors by [precedence]:
[THYMELEAF]             * [1000]: org.thymeleaf.standard.processor.StandardInliningTextProcessor
[THYMELEAF]         * CDATA Section Processors by [precedence]:
[THYMELEAF]             * [1000]: org.thymeleaf.standard.processor.StandardInliningCDATASectionProcessor
[THYMELEAF]         * Comment Processors by [precedence]:
[THYMELEAF]             * [1000]: org.thymeleaf.standard.processor.StandardInliningCommentProcessor
[THYMELEAF]     * Processors for Template Mode: TEXT
[THYMELEAF]         * Element Tag Processors by [matching element and attribute name] [precedence]:
[THYMELEAF]             * [* {th:insert}] [100]: org.thymeleaf.standard.processor.StandardInsertTagProcessor
[THYMELEAF]             * [* {th:replace}] [100]: org.thymeleaf.standard.processor.StandardReplaceTagProcessor
[THYMELEAF]             * [* {th:each}] [200]: com.intuit.karate.template.KarateEachTagProcessor
[THYMELEAF]             * [* {th:switch}] [250]: org.thymeleaf.standard.processor.StandardSwitchTagProcessor
[THYMELEAF]             * [* {th:case}] [275]: org.thymeleaf.standard.processor.StandardCaseTagProcessor
[THYMELEAF]             * [* {th:if}] [300]: org.thymeleaf.standard.processor.StandardIfTagProcessor
[THYMELEAF]             * [* {th:unless}] [400]: org.thymeleaf.standard.processor.StandardUnlessTagProcessor
[THYMELEAF]             * [* {th:object}] [500]: org.thymeleaf.standard.processor.StandardObjectTagProcessor
[THYMELEAF]             * [* {th:with}] [600]: com.intuit.karate.template.KarateWithTagProcessor
[THYMELEAF]             * [* {th:inline}] [1000]: org.thymeleaf.standard.processor.StandardInlineTextualTagProcessor
[THYMELEAF]             * [* {th:text}] [1300]: org.thymeleaf.standard.processor.StandardTextTagProcessor
[THYMELEAF]             * [* {th:utext}] [1400]: org.thymeleaf.standard.processor.StandardUtextTagProcessor
[THYMELEAF]             * [* {th:assert}] [1550]: org.thymeleaf.standard.processor.StandardAssertTagProcessor
[THYMELEAF]             * [* {th:remove}] [1600]: org.thymeleaf.standard.processor.StandardRemoveTagProcessor
[THYMELEAF]             * [* 100000] [org.thymeleaf.standard.processor.StandardBlockTagProcessor]: {}
[THYMELEAF]             * [{th:block} *] [100000]: org.thymeleaf.standard.processor.StandardBlockTagProcessor
[THYMELEAF]         * Text Processors by [precedence]:
[THYMELEAF]             * [1000]: org.thymeleaf.standard.processor.StandardInliningTextProcessor
[THYMELEAF]     * Processors for Template Mode: JAVASCRIPT
[THYMELEAF]         * Element Tag Processors by [matching element and attribute name] [precedence]:
[THYMELEAF]             * [* {th:insert}] [100]: org.thymeleaf.standard.processor.StandardInsertTagProcessor
[THYMELEAF]             * [* {th:replace}] [100]: org.thymeleaf.standard.processor.StandardReplaceTagProcessor
[THYMELEAF]             * [* {th:each}] [200]: com.intuit.karate.template.KarateEachTagProcessor
[THYMELEAF]             * [* {th:switch}] [250]: org.thymeleaf.standard.processor.StandardSwitchTagProcessor
[THYMELEAF]             * [* {th:case}] [275]: org.thymeleaf.standard.processor.StandardCaseTagProcessor
[THYMELEAF]             * [* {th:if}] [300]: org.thymeleaf.standard.processor.StandardIfTagProcessor
[THYMELEAF]             * [* {th:unless}] [400]: org.thymeleaf.standard.processor.StandardUnlessTagProcessor
[THYMELEAF]             * [* {th:object}] [500]: org.thymeleaf.standard.processor.StandardObjectTagProcessor
[THYMELEAF]             * [* {th:with}] [600]: com.intuit.karate.template.KarateWithTagProcessor
[THYMELEAF]             * [* {th:inline}] [1000]: org.thymeleaf.standard.processor.StandardInlineTextualTagProcessor
[THYMELEAF]             * [* {th:text}] [1300]: org.thymeleaf.standard.processor.StandardTextTagProcessor
[THYMELEAF]             * [* {th:utext}] [1400]: org.thymeleaf.standard.processor.StandardUtextTagProcessor
[THYMELEAF]             * [* {th:assert}] [1550]: org.thymeleaf.standard.processor.StandardAssertTagProcessor
[THYMELEAF]             * [* {th:remove}] [1600]: org.thymeleaf.standard.processor.StandardRemoveTagProcessor
[THYMELEAF]             * [{th:block} *] [100000]: org.thymeleaf.standard.processor.StandardBlockTagProcessor
[THYMELEAF]             * [* 100000] [org.thymeleaf.standard.processor.StandardBlockTagProcessor]: {}
[THYMELEAF]         * Text Processors by [precedence]:
[THYMELEAF]             * [1000]: org.thymeleaf.standard.processor.StandardInliningTextProcessor
[THYMELEAF]     * Processors for Template Mode: CSS
[THYMELEAF]         * Element Tag Processors by [matching element and attribute name] [precedence]:
[THYMELEAF]             * [* {th:insert}] [100]: org.thymeleaf.standard.processor.StandardInsertTagProcessor
[THYMELEAF]             * [* {th:replace}] [100]: org.thymeleaf.standard.processor.StandardReplaceTagProcessor
[THYMELEAF]             * [* {th:each}] [200]: com.intuit.karate.template.KarateEachTagProcessor
[THYMELEAF]             * [* {th:switch}] [250]: org.thymeleaf.standard.processor.StandardSwitchTagProcessor
[THYMELEAF]             * [* {th:case}] [275]: org.thymeleaf.standard.processor.StandardCaseTagProcessor
[THYMELEAF]             * [* {th:if}] [300]: org.thymeleaf.standard.processor.StandardIfTagProcessor
[THYMELEAF]             * [* {th:unless}] [400]: org.thymeleaf.standard.processor.StandardUnlessTagProcessor
[THYMELEAF]             * [* {th:object}] [500]: org.thymeleaf.standard.processor.StandardObjectTagProcessor
[THYMELEAF]             * [* {th:with}] [600]: com.intuit.karate.template.KarateWithTagProcessor
[THYMELEAF]             * [* {th:inline}] [1000]: org.thymeleaf.standard.processor.StandardInlineTextualTagProcessor
[THYMELEAF]             * [* {th:text}] [1300]: org.thymeleaf.standard.processor.StandardTextTagProcessor
[THYMELEAF]             * [* {th:utext}] [1400]: org.thymeleaf.standard.processor.StandardUtextTagProcessor
[THYMELEAF]             * [* {th:assert}] [1550]: org.thymeleaf.standard.processor.StandardAssertTagProcessor
[THYMELEAF]             * [* {th:remove}] [1600]: org.thymeleaf.standard.processor.StandardRemoveTagProcessor
[THYMELEAF]             * [{th:block} *] [100000]: org.thymeleaf.standard.processor.StandardBlockTagProcessor
[THYMELEAF]             * [* 100000] [org.thymeleaf.standard.processor.StandardBlockTagProcessor]: {}
[THYMELEAF]         * Text Processors by [precedence]:
[THYMELEAF]             * [1000]: org.thymeleaf.standard.processor.StandardInliningTextProcessor
[THYMELEAF]     * Expression Objects:
[THYMELEAF]         * #ctx
[THYMELEAF]         * #root
[THYMELEAF]         * #vars
[THYMELEAF]         * #object
[THYMELEAF]         * #locale
[THYMELEAF]         * #conversions
[THYMELEAF]         * #uris
[THYMELEAF]         * #temporals
[THYMELEAF]         * #calendars
[THYMELEAF]         * #dates
[THYMELEAF]         * #bools
[THYMELEAF]         * #numbers
[THYMELEAF]         * #objects
[THYMELEAF]         * #strings
[THYMELEAF]         * #arrays
[THYMELEAF]         * #lists
[THYMELEAF]         * #sets
[THYMELEAF]         * #maps
[THYMELEAF]         * #aggregates
[THYMELEAF]         * #messages
[THYMELEAF]         * #ids
[THYMELEAF]         * #execInfo
[THYMELEAF]         * #request
[THYMELEAF]         * #response
[THYMELEAF]         * #session
[THYMELEAF]         * #servletContext
[THYMELEAF]     * Execution Attributes:
[THYMELEAF]         * "StandardExpressionParser": com.intuit.karate.template.KarateStandardDialect@38b972d7
[THYMELEAF]         * "StandardJavaScriptSerializer": org.thymeleaf.standard.serializer.StandardJavaScriptSerializer@273842a6
[THYMELEAF]         * "StandardCSSSerializer": org.thymeleaf.standard.serializer.StandardCSSSerializer@6a969fb8
[THYMELEAF]         * "StandardVariableExpressionEvaluator": com.intuit.karate.template.KarateStandardDialect@38b972d7
[THYMELEAF]         * "StandardConversionService": org.thymeleaf.standard.expression.StandardConversionService@7a18e8d
[THYMELEAF] * Dialect [2 of 2]: karate (com.intuit.karate.template.KarateScriptDialect)
[THYMELEAF]     * Prefix: "ka"
[THYMELEAF]     * Processors for Template Mode: HTML
[THYMELEAF]         * Element Tag Processors by [matching element and attribute name] [precedence]:
[THYMELEAF]             * [* {src}] [1000]: com.intuit.karate.template.KaScriptAttrProcessor
[THYMELEAF]         * Element Model Processors by [matching element and attribute name] [precedence]:
[THYMELEAF]             * [{script} {ka:scope,data-ka-scope}] [1000]: com.intuit.karate.template.KaScriptElemProcessor
[THYMELEAF]             * [* {ka:set,data-ka-set}] [1000]: com.intuit.karate.template.KaSetElemProcessor
[THYMELEAF] TEMPLATE ENGINE CONFIGURED OK
12:53:16.297 [main] DEBUG org.thymeleaf.TemplateEngine -- [THYMELEAF] TEMPLATE ENGINE INITIALIZED

HTML report: (paste into browser to view) | Karate version: 1.5.0
file:///C:/Users/Alexander/Downloads/karate/karate-poc/target/karate-reports/karate-summary.html
===================================================================

]]></system-out>
  </testcase>
</testsuite>